[    1419ms] Error: Minified React error #418; visit https://reactjs.org/docs/error-decoder.html?invariant=418 for the full message or use the non-minified dev environment for full errors and additional helpful warnings.
    at ag (https://www.builder.io/_next/static/chunks/framework-51e90279bbf5a0ec.js:25:46339)
    at i (https://www.builder.io/_next/static/chunks/framework-51e90279bbf5a0ec.js:25:121054)
    at uI (https://www.builder.io/_next/static/chunks/framework-51e90279bbf5a0ec.js:25:99021)
    at https://www.builder.io/_next/static/chunks/framework-51e90279bbf5a0ec.js:25:98888
    at uM (https://www.builder.io/_next/static/chunks/framework-51e90279bbf5a0ec.js:25:98895)
    at uS (https://www.builder.io/_next/static/chunks/framework-51e90279bbf5a0ec.js:25:93934)
    at x (https://www.builder.io/_next/static/chunks/framework-51e90279bbf5a0ec.js:49:1364)
    at MessagePort.R (https://www.builder.io/_next/static/chunks/framework-51e90279bbf5a0ec.js:49:1894)
[    1420ms] Error: Minified React error #418; visit https://reactjs.org/docs/error-decoder.html?invariant=418 for the full message or use the non-minified dev environment for full errors and additional helpful warnings.
    at ag (https://www.builder.io/_next/static/chunks/framework-51e90279bbf5a0ec.js:25:46339)
    at i (https://www.builder.io/_next/static/chunks/framework-51e90279bbf5a0ec.js:25:121054)
    at uI (https://www.builder.io/_next/static/chunks/framework-51e90279bbf5a0ec.js:25:99021)
    at https://www.builder.io/_next/static/chunks/framework-51e90279bbf5a0ec.js:25:98888
    at uM (https://www.builder.io/_next/static/chunks/framework-51e90279bbf5a0ec.js:25:98895)
    at uS (https://www.builder.io/_next/static/chunks/framework-51e90279bbf5a0ec.js:25:93934)
    at x (https://www.builder.io/_next/static/chunks/framework-51e90279bbf5a0ec.js:49:1364)
    at MessagePort.R (https://www.builder.io/_next/static/chunks/framework-51e90279bbf5a0ec.js:49:1894)
[    1420ms] Error: Minified React error #418; visit https://reactjs.org/docs/error-decoder.html?invariant=418 for the full message or use the non-minified dev environment for full errors and additional helpful warnings.
    at ag (https://www.builder.io/_next/static/chunks/framework-51e90279bbf5a0ec.js:25:46339)
    at i (https://www.builder.io/_next/static/chunks/framework-51e90279bbf5a0ec.js:25:121054)
    at uI (https://www.builder.io/_next/static/chunks/framework-51e90279bbf5a0ec.js:25:99021)
    at https://www.builder.io/_next/static/chunks/framework-51e90279bbf5a0ec.js:25:98888
    at uM (https://www.builder.io/_next/static/chunks/framework-51e90279bbf5a0ec.js:25:98895)
    at uS (https://www.builder.io/_next/static/chunks/framework-51e90279bbf5a0ec.js:25:93934)
    at x (https://www.builder.io/_next/static/chunks/framework-51e90279bbf5a0ec.js:49:1364)
    at MessagePort.R (https://www.builder.io/_next/static/chunks/framework-51e90279bbf5a0ec.js:49:1894)
[    1421ms] Error: Minified React error #425; visit https://reactjs.org/docs/error-decoder.html?invariant=425 for the full message or use the non-minified dev environment for full errors and additional helpful warnings.
    at rm (https://www.builder.io/_next/static/chunks/framework-51e90279bbf5a0ec.js:25:40163)
    at https://www.builder.io/_next/static/chunks/framework-51e90279bbf5a0ec.js:25:100622
    at uD (https://www.builder.io/_next/static/chunks/framework-51e90279bbf5a0ec.js:25:106133)
    at uI (https://www.builder.io/_next/static/chunks/framework-51e90279bbf5a0ec.js:25:99081)
    at https://www.builder.io/_next/static/chunks/framework-51e90279bbf5a0ec.js:25:98888
    at uM (https://www.builder.io/_next/static/chunks/framework-51e90279bbf5a0ec.js:25:98895)
    at uS (https://www.builder.io/_next/static/chunks/framework-51e90279bbf5a0ec.js:25:93934)
    at x (https://www.builder.io/_next/static/chunks/framework-51e90279bbf5a0ec.js:49:1364)
    at MessagePort.R (https://www.builder.io/_next/static/chunks/framework-51e90279bbf5a0ec.js:49:1894)
[    1421ms] Error: Minified React error #418; visit https://reactjs.org/docs/error-decoder.html?invariant=418 for the full message or use the non-minified dev environment for full errors and additional helpful warnings.
    at ag (https://www.builder.io/_next/static/chunks/framework-51e90279bbf5a0ec.js:25:46339)
    at i (https://www.builder.io/_next/static/chunks/framework-51e90279bbf5a0ec.js:25:121054)
    at uI (https://www.builder.io/_next/static/chunks/framework-51e90279bbf5a0ec.js:25:99021)
    at https://www.builder.io/_next/static/chunks/framework-51e90279bbf5a0ec.js:25:98888
    at uM (https://www.builder.io/_next/static/chunks/framework-51e90279bbf5a0ec.js:25:98895)
    at uS (https://www.builder.io/_next/static/chunks/framework-51e90279bbf5a0ec.js:25:93934)
    at x (https://www.builder.io/_next/static/chunks/framework-51e90279bbf5a0ec.js:49:1364)
    at MessagePort.R (https://www.builder.io/_next/static/chunks/framework-51e90279bbf5a0ec.js:49:1894)
[    1421ms] Error: Minified React error #418; visit https://reactjs.org/docs/error-decoder.html?invariant=418 for the full message or use the non-minified dev environment for full errors and additional helpful warnings.
    at ag (https://www.builder.io/_next/static/chunks/framework-51e90279bbf5a0ec.js:25:46339)
    at i (https://www.builder.io/_next/static/chunks/framework-51e90279bbf5a0ec.js:25:121054)
    at uI (https://www.builder.io/_next/static/chunks/framework-51e90279bbf5a0ec.js:25:99021)
    at https://www.builder.io/_next/static/chunks/framework-51e90279bbf5a0ec.js:25:98888
    at uM (https://www.builder.io/_next/static/chunks/framework-51e90279bbf5a0ec.js:25:98895)
    at uS (https://www.builder.io/_next/static/chunks/framework-51e90279bbf5a0ec.js:25:93934)
    at x (https://www.builder.io/_next/static/chunks/framework-51e90279bbf5a0ec.js:49:1364)
    at MessagePort.R (https://www.builder.io/_next/static/chunks/framework-51e90279bbf5a0ec.js:49:1894)
[    1421ms] Error: Minified React error #425; visit https://reactjs.org/docs/error-decoder.html?invariant=425 for the full message or use the non-minified dev environment for full errors and additional helpful warnings.
    at rm (https://www.builder.io/_next/static/chunks/framework-51e90279bbf5a0ec.js:25:40163)
    at https://www.builder.io/_next/static/chunks/framework-51e90279bbf5a0ec.js:25:100622
    at uD (https://www.builder.io/_next/static/chunks/framework-51e90279bbf5a0ec.js:25:106133)
    at uI (https://www.builder.io/_next/static/chunks/framework-51e90279bbf5a0ec.js:25:99081)
    at https://www.builder.io/_next/static/chunks/framework-51e90279bbf5a0ec.js:25:98888
    at uM (https://www.builder.io/_next/static/chunks/framework-51e90279bbf5a0ec.js:25:98895)
    at uS (https://www.builder.io/_next/static/chunks/framework-51e90279bbf5a0ec.js:25:93934)
    at x (https://www.builder.io/_next/static/chunks/framework-51e90279bbf5a0ec.js:49:1364)
    at MessagePort.R (https://www.builder.io/_next/static/chunks/framework-51e90279bbf5a0ec.js:49:1894)
[    1422ms] Error: Minified React error #418; visit https://reactjs.org/docs/error-decoder.html?invariant=418 for the full message or use the non-minified dev environment for full errors and additional helpful warnings.
    at ag (https://www.builder.io/_next/static/chunks/framework-51e90279bbf5a0ec.js:25:46459)
    at i (https://www.builder.io/_next/static/chunks/framework-51e90279bbf5a0ec.js:25:121054)
    at uI (https://www.builder.io/_next/static/chunks/framework-51e90279bbf5a0ec.js:25:99021)
    at https://www.builder.io/_next/static/chunks/framework-51e90279bbf5a0ec.js:25:98888
    at uM (https://www.builder.io/_next/static/chunks/framework-51e90279bbf5a0ec.js:25:98895)
    at uS (https://www.builder.io/_next/static/chunks/framework-51e90279bbf5a0ec.js:25:93934)
    at x (https://www.builder.io/_next/static/chunks/framework-51e90279bbf5a0ec.js:49:1364)
    at MessagePort.R (https://www.builder.io/_next/static/chunks/framework-51e90279bbf5a0ec.js:49:1894)
[    1422ms] Error: Minified React error #418; visit https://reactjs.org/docs/error-decoder.html?invariant=418 for the full message or use the non-minified dev environment for full errors and additional helpful warnings.
    at ag (https://www.builder.io/_next/static/chunks/framework-51e90279bbf5a0ec.js:25:46459)
    at i (https://www.builder.io/_next/static/chunks/framework-51e90279bbf5a0ec.js:25:121054)
    at uI (https://www.builder.io/_next/static/chunks/framework-51e90279bbf5a0ec.js:25:99021)
    at https://www.builder.io/_next/static/chunks/framework-51e90279bbf5a0ec.js:25:98888
    at uM (https://www.builder.io/_next/static/chunks/framework-51e90279bbf5a0ec.js:25:98895)
    at uS (https://www.builder.io/_next/static/chunks/framework-51e90279bbf5a0ec.js:25:93934)
    at x (https://www.builder.io/_next/static/chunks/framework-51e90279bbf5a0ec.js:49:1364)
    at MessagePort.R (https://www.builder.io/_next/static/chunks/framework-51e90279bbf5a0ec.js:49:1894)
[    1422ms] Error: Minified React error #418; visit https://reactjs.org/docs/error-decoder.html?invariant=418 for the full message or use the non-minified dev environment for full errors and additional helpful warnings.
    at ag (https://www.builder.io/_next/static/chunks/framework-51e90279bbf5a0ec.js:25:46459)
    at i (https://www.builder.io/_next/static/chunks/framework-51e90279bbf5a0ec.js:25:121054)
    at uI (https://www.builder.io/_next/static/chunks/framework-51e90279bbf5a0ec.js:25:99021)
    at https://www.builder.io/_next/static/chunks/framework-51e90279bbf5a0ec.js:25:98888
    at uM (https://www.builder.io/_next/static/chunks/framework-51e90279bbf5a0ec.js:25:98895)
    at uS (https://www.builder.io/_next/static/chunks/framework-51e90279bbf5a0ec.js:25:93934)
    at x (https://www.builder.io/_next/static/chunks/framework-51e90279bbf5a0ec.js:49:1364)
    at MessagePort.R (https://www.builder.io/_next/static/chunks/framework-51e90279bbf5a0ec.js:49:1894)
[    1422ms] Error: Minified React error #418; visit https://reactjs.org/docs/error-decoder.html?invariant=418 for the full message or use the non-minified dev environment for full errors and additional helpful warnings.
    at ag (https://www.builder.io/_next/static/chunks/framework-51e90279bbf5a0ec.js:25:46459)
    at i (https://www.builder.io/_next/static/chunks/framework-51e90279bbf5a0ec.js:25:121054)
    at uI (https://www.builder.io/_next/static/chunks/framework-51e90279bbf5a0ec.js:25:99021)
    at https://www.builder.io/_next/static/chunks/framework-51e90279bbf5a0ec.js:25:98888
    at uM (https://www.builder.io/_next/static/chunks/framework-51e90279bbf5a0ec.js:25:98895)
    at uS (https://www.builder.io/_next/static/chunks/framework-51e90279bbf5a0ec.js:25:93934)
    at x (https://www.builder.io/_next/static/chunks/framework-51e90279bbf5a0ec.js:49:1364)
    at MessagePort.R (https://www.builder.io/_next/static/chunks/framework-51e90279bbf5a0ec.js:49:1894)
[    1422ms] Error: Minified React error #418; visit https://reactjs.org/docs/error-decoder.html?invariant=418 for the full message or use the non-minified dev environment for full errors and additional helpful warnings.
    at ag (https://www.builder.io/_next/static/chunks/framework-51e90279bbf5a0ec.js:25:46459)
    at i (https://www.builder.io/_next/static/chunks/framework-51e90279bbf5a0ec.js:25:121054)
    at uI (https://www.builder.io/_next/static/chunks/framework-51e90279bbf5a0ec.js:25:99021)
    at https://www.builder.io/_next/static/chunks/framework-51e90279bbf5a0ec.js:25:98888
    at uM (https://www.builder.io/_next/static/chunks/framework-51e90279bbf5a0ec.js:25:98895)
    at uS (https://www.builder.io/_next/static/chunks/framework-51e90279bbf5a0ec.js:25:93934)
    at x (https://www.builder.io/_next/static/chunks/framework-51e90279bbf5a0ec.js:49:1364)
    at MessagePort.R (https://www.builder.io/_next/static/chunks/framework-51e90279bbf5a0ec.js:49:1894)
[    1422ms] Error: Minified React error #418; visit https://reactjs.org/docs/error-decoder.html?invariant=418 for the full message or use the non-minified dev environment for full errors and additional helpful warnings.
    at ag (https://www.builder.io/_next/static/chunks/framework-51e90279bbf5a0ec.js:25:46459)
    at i (https://www.builder.io/_next/static/chunks/framework-51e90279bbf5a0ec.js:25:121054)
    at uI (https://www.builder.io/_next/static/chunks/framework-51e90279bbf5a0ec.js:25:99021)
    at https://www.builder.io/_next/static/chunks/framework-51e90279bbf5a0ec.js:25:98888
    at uM (https://www.builder.io/_next/static/chunks/framework-51e90279bbf5a0ec.js:25:98895)
    at uS (https://www.builder.io/_next/static/chunks/framework-51e90279bbf5a0ec.js:25:93934)
    at x (https://www.builder.io/_next/static/chunks/framework-51e90279bbf5a0ec.js:49:1364)
    at MessagePort.R (https://www.builder.io/_next/static/chunks/framework-51e90279bbf5a0ec.js:49:1894)
[    1422ms] Error: Minified React error #418; visit https://reactjs.org/docs/error-decoder.html?invariant=418 for the full message or use the non-minified dev environment for full errors and additional helpful warnings.
    at ag (https://www.builder.io/_next/static/chunks/framework-51e90279bbf5a0ec.js:25:46459)
    at i (https://www.builder.io/_next/static/chunks/framework-51e90279bbf5a0ec.js:25:121054)
    at uI (https://www.builder.io/_next/static/chunks/framework-51e90279bbf5a0ec.js:25:99021)
    at https://www.builder.io/_next/static/chunks/framework-51e90279bbf5a0ec.js:25:98888
    at uM (https://www.builder.io/_next/static/chunks/framework-51e90279bbf5a0ec.js:25:98895)
    at uS (https://www.builder.io/_next/static/chunks/framework-51e90279bbf5a0ec.js:25:93934)
    at x (https://www.builder.io/_next/static/chunks/framework-51e90279bbf5a0ec.js:49:1364)
    at MessagePort.R (https://www.builder.io/_next/static/chunks/framework-51e90279bbf5a0ec.js:49:1894)
[    1423ms] Error: Minified React error #418; visit https://reactjs.org/docs/error-decoder.html?invariant=418 for the full message or use the non-minified dev environment for full errors and additional helpful warnings.
    at ag (https://www.builder.io/_next/static/chunks/framework-51e90279bbf5a0ec.js:25:46459)
    at i (https://www.builder.io/_next/static/chunks/framework-51e90279bbf5a0ec.js:25:121054)
    at uI (https://www.builder.io/_next/static/chunks/framework-51e90279bbf5a0ec.js:25:99021)
    at https://www.builder.io/_next/static/chunks/framework-51e90279bbf5a0ec.js:25:98888
    at uM (https://www.builder.io/_next/static/chunks/framework-51e90279bbf5a0ec.js:25:98895)
    at uS (https://www.builder.io/_next/static/chunks/framework-51e90279bbf5a0ec.js:25:93934)
    at x (https://www.builder.io/_next/static/chunks/framework-51e90279bbf5a0ec.js:49:1364)
    at MessagePort.R (https://www.builder.io/_next/static/chunks/framework-51e90279bbf5a0ec.js:49:1894)
[    1423ms] Error: Minified React error #418; visit https://reactjs.org/docs/error-decoder.html?invariant=418 for the full message or use the non-minified dev environment for full errors and additional helpful warnings.
    at ag (https://www.builder.io/_next/static/chunks/framework-51e90279bbf5a0ec.js:25:46459)
    at i (https://www.builder.io/_next/static/chunks/framework-51e90279bbf5a0ec.js:25:121054)
    at uI (https://www.builder.io/_next/static/chunks/framework-51e90279bbf5a0ec.js:25:99021)
    at https://www.builder.io/_next/static/chunks/framework-51e90279bbf5a0ec.js:25:98888
    at uM (https://www.builder.io/_next/static/chunks/framework-51e90279bbf5a0ec.js:25:98895)
    at uS (https://www.builder.io/_next/static/chunks/framework-51e90279bbf5a0ec.js:25:93934)
    at x (https://www.builder.io/_next/static/chunks/framework-51e90279bbf5a0ec.js:49:1364)
    at MessagePort.R (https://www.builder.io/_next/static/chunks/framework-51e90279bbf5a0ec.js:49:1894)
[    1423ms] Error: Minified React error #418; visit https://reactjs.org/docs/error-decoder.html?invariant=418 for the full message or use the non-minified dev environment for full errors and additional helpful warnings.
    at ag (https://www.builder.io/_next/static/chunks/framework-51e90279bbf5a0ec.js:25:46459)
    at i (https://www.builder.io/_next/static/chunks/framework-51e90279bbf5a0ec.js:25:121054)
    at uI (https://www.builder.io/_next/static/chunks/framework-51e90279bbf5a0ec.js:25:99021)
    at https://www.builder.io/_next/static/chunks/framework-51e90279bbf5a0ec.js:25:98888
    at uM (https://www.builder.io/_next/static/chunks/framework-51e90279bbf5a0ec.js:25:98895)
    at uS (https://www.builder.io/_next/static/chunks/framework-51e90279bbf5a0ec.js:25:93934)
    at x (https://www.builder.io/_next/static/chunks/framework-51e90279bbf5a0ec.js:49:1364)
    at MessagePort.R (https://www.builder.io/_next/static/chunks/framework-51e90279bbf5a0ec.js:49:1894)
[    1423ms] Error: Minified React error #418; visit https://reactjs.org/docs/error-decoder.html?invariant=418 for the full message or use the non-minified dev environment for full errors and additional helpful warnings.
    at ag (https://www.builder.io/_next/static/chunks/framework-51e90279bbf5a0ec.js:25:46459)
    at i (https://www.builder.io/_next/static/chunks/framework-51e90279bbf5a0ec.js:25:121054)
    at uI (https://www.builder.io/_next/static/chunks/framework-51e90279bbf5a0ec.js:25:99021)
    at https://www.builder.io/_next/static/chunks/framework-51e90279bbf5a0ec.js:25:98888
    at uM (https://www.builder.io/_next/static/chunks/framework-51e90279bbf5a0ec.js:25:98895)
    at uS (https://www.builder.io/_next/static/chunks/framework-51e90279bbf5a0ec.js:25:93934)
    at x (https://www.builder.io/_next/static/chunks/framework-51e90279bbf5a0ec.js:49:1364)
    at MessagePort.R (https://www.builder.io/_next/static/chunks/framework-51e90279bbf5a0ec.js:49:1894)
[    1423ms] Error: Minified React error #418; visit https://reactjs.org/docs/error-decoder.html?invariant=418 for the full message or use the non-minified dev environment for full errors and additional helpful warnings.
    at ag (https://www.builder.io/_next/static/chunks/framework-51e90279bbf5a0ec.js:25:46459)
    at i (https://www.builder.io/_next/static/chunks/framework-51e90279bbf5a0ec.js:25:121054)
    at uI (https://www.builder.io/_next/static/chunks/framework-51e90279bbf5a0ec.js:25:99021)
    at https://www.builder.io/_next/static/chunks/framework-51e90279bbf5a0ec.js:25:98888
    at uM (https://www.builder.io/_next/static/chunks/framework-51e90279bbf5a0ec.js:25:98895)
    at uS (https://www.builder.io/_next/static/chunks/framework-51e90279bbf5a0ec.js:25:93934)
    at x (https://www.builder.io/_next/static/chunks/framework-51e90279bbf5a0ec.js:49:1364)
    at MessagePort.R (https://www.builder.io/_next/static/chunks/framework-51e90279bbf5a0ec.js:49:1894)
[    1424ms] Error: Minified React error #418; visit https://reactjs.org/docs/error-decoder.html?invariant=418 for the full message or use the non-minified dev environment for full errors and additional helpful warnings.
    at ag (https://www.builder.io/_next/static/chunks/framework-51e90279bbf5a0ec.js:25:46459)
    at i (https://www.builder.io/_next/static/chunks/framework-51e90279bbf5a0ec.js:25:121054)
    at uI (https://www.builder.io/_next/static/chunks/framework-51e90279bbf5a0ec.js:25:99021)
    at https://www.builder.io/_next/static/chunks/framework-51e90279bbf5a0ec.js:25:98888
    at uM (https://www.builder.io/_next/static/chunks/framework-51e90279bbf5a0ec.js:25:98895)
    at uS (https://www.builder.io/_next/static/chunks/framework-51e90279bbf5a0ec.js:25:93934)
    at x (https://www.builder.io/_next/static/chunks/framework-51e90279bbf5a0ec.js:49:1364)
    at MessagePort.R (https://www.builder.io/_next/static/chunks/framework-51e90279bbf5a0ec.js:49:1894)
[    1424ms] Error: Minified React error #418; visit https://reactjs.org/docs/error-decoder.html?invariant=418 for the full message or use the non-minified dev environment for full errors and additional helpful warnings.
    at ag (https://www.builder.io/_next/static/chunks/framework-51e90279bbf5a0ec.js:25:46459)
    at i (https://www.builder.io/_next/static/chunks/framework-51e90279bbf5a0ec.js:25:121054)
    at uI (https://www.builder.io/_next/static/chunks/framework-51e90279bbf5a0ec.js:25:99021)
    at https://www.builder.io/_next/static/chunks/framework-51e90279bbf5a0ec.js:25:98888
    at uM (https://www.builder.io/_next/static/chunks/framework-51e90279bbf5a0ec.js:25:98895)
    at uS (https://www.builder.io/_next/static/chunks/framework-51e90279bbf5a0ec.js:25:93934)
    at x (https://www.builder.io/_next/static/chunks/framework-51e90279bbf5a0ec.js:49:1364)
    at MessagePort.R (https://www.builder.io/_next/static/chunks/framework-51e90279bbf5a0ec.js:49:1894)
[    1424ms] Error: Minified React error #418; visit https://reactjs.org/docs/error-decoder.html?invariant=418 for the full message or use the non-minified dev environment for full errors and additional helpful warnings.
    at ag (https://www.builder.io/_next/static/chunks/framework-51e90279bbf5a0ec.js:25:46459)
    at i (https://www.builder.io/_next/static/chunks/framework-51e90279bbf5a0ec.js:25:121054)
    at uI (https://www.builder.io/_next/static/chunks/framework-51e90279bbf5a0ec.js:25:99021)
    at https://www.builder.io/_next/static/chunks/framework-51e90279bbf5a0ec.js:25:98888
    at uM (https://www.builder.io/_next/static/chunks/framework-51e90279bbf5a0ec.js:25:98895)
    at uS (https://www.builder.io/_next/static/chunks/framework-51e90279bbf5a0ec.js:25:93934)
    at x (https://www.builder.io/_next/static/chunks/framework-51e90279bbf5a0ec.js:49:1364)
    at MessagePort.R (https://www.builder.io/_next/static/chunks/framework-51e90279bbf5a0ec.js:49:1894)
[    1424ms] Error: Minified React error #418; visit https://reactjs.org/docs/error-decoder.html?invariant=418 for the full message or use the non-minified dev environment for full errors and additional helpful warnings.
    at ag (https://www.builder.io/_next/static/chunks/framework-51e90279bbf5a0ec.js:25:46459)
    at i (https://www.builder.io/_next/static/chunks/framework-51e90279bbf5a0ec.js:25:121054)
    at uI (https://www.builder.io/_next/static/chunks/framework-51e90279bbf5a0ec.js:25:99021)
    at https://www.builder.io/_next/static/chunks/framework-51e90279bbf5a0ec.js:25:98888
    at uM (https://www.builder.io/_next/static/chunks/framework-51e90279bbf5a0ec.js:25:98895)
    at uS (https://www.builder.io/_next/static/chunks/framework-51e90279bbf5a0ec.js:25:93934)
    at x (https://www.builder.io/_next/static/chunks/framework-51e90279bbf5a0ec.js:49:1364)
    at MessagePort.R (https://www.builder.io/_next/static/chunks/framework-51e90279bbf5a0ec.js:49:1894)
[    1424ms] Error: Minified React error #418; visit https://reactjs.org/docs/error-decoder.html?invariant=418 for the full message or use the non-minified dev environment for full errors and additional helpful warnings.
    at ag (https://www.builder.io/_next/static/chunks/framework-51e90279bbf5a0ec.js:25:46459)
    at i (https://www.builder.io/_next/static/chunks/framework-51e90279bbf5a0ec.js:25:121054)
    at uI (https://www.builder.io/_next/static/chunks/framework-51e90279bbf5a0ec.js:25:99021)
    at https://www.builder.io/_next/static/chunks/framework-51e90279bbf5a0ec.js:25:98888
    at uM (https://www.builder.io/_next/static/chunks/framework-51e90279bbf5a0ec.js:25:98895)
    at uS (https://www.builder.io/_next/static/chunks/framework-51e90279bbf5a0ec.js:25:93934)
    at x (https://www.builder.io/_next/static/chunks/framework-51e90279bbf5a0ec.js:49:1364)
    at MessagePort.R (https://www.builder.io/_next/static/chunks/framework-51e90279bbf5a0ec.js:49:1894)
[    1424ms] Error: Minified React error #418; visit https://reactjs.org/docs/error-decoder.html?invariant=418 for the full message or use the non-minified dev environment for full errors and additional helpful warnings.
    at ag (https://www.builder.io/_next/static/chunks/framework-51e90279bbf5a0ec.js:25:46459)
    at i (https://www.builder.io/_next/static/chunks/framework-51e90279bbf5a0ec.js:25:121054)
    at uI (https://www.builder.io/_next/static/chunks/framework-51e90279bbf5a0ec.js:25:99021)
    at https://www.builder.io/_next/static/chunks/framework-51e90279bbf5a0ec.js:25:98888
    at uM (https://www.builder.io/_next/static/chunks/framework-51e90279bbf5a0ec.js:25:98895)
    at uS (https://www.builder.io/_next/static/chunks/framework-51e90279bbf5a0ec.js:25:93934)
    at x (https://www.builder.io/_next/static/chunks/framework-51e90279bbf5a0ec.js:49:1364)
    at MessagePort.R (https://www.builder.io/_next/static/chunks/framework-51e90279bbf5a0ec.js:49:1894)
[    1424ms] Error: Minified React error #418; visit https://reactjs.org/docs/error-decoder.html?invariant=418 for the full message or use the non-minified dev environment for full errors and additional helpful warnings.
    at ag (https://www.builder.io/_next/static/chunks/framework-51e90279bbf5a0ec.js:25:46459)
    at i (https://www.builder.io/_next/static/chunks/framework-51e90279bbf5a0ec.js:25:121054)
    at uI (https://www.builder.io/_next/static/chunks/framework-51e90279bbf5a0ec.js:25:99021)
    at https://www.builder.io/_next/static/chunks/framework-51e90279bbf5a0ec.js:25:98888
    at uM (https://www.builder.io/_next/static/chunks/framework-51e90279bbf5a0ec.js:25:98895)
    at uS (https://www.builder.io/_next/static/chunks/framework-51e90279bbf5a0ec.js:25:93934)
    at x (https://www.builder.io/_next/static/chunks/framework-51e90279bbf5a0ec.js:49:1364)
    at MessagePort.R (https://www.builder.io/_next/static/chunks/framework-51e90279bbf5a0ec.js:49:1894)
[    1424ms] Error: Minified React error #418; visit https://reactjs.org/docs/error-decoder.html?invariant=418 for the full message or use the non-minified dev environment for full errors and additional helpful warnings.
    at ag (https://www.builder.io/_next/static/chunks/framework-51e90279bbf5a0ec.js:25:46459)
    at i (https://www.builder.io/_next/static/chunks/framework-51e90279bbf5a0ec.js:25:121054)
    at uI (https://www.builder.io/_next/static/chunks/framework-51e90279bbf5a0ec.js:25:99021)
    at https://www.builder.io/_next/static/chunks/framework-51e90279bbf5a0ec.js:25:98888
    at uM (https://www.builder.io/_next/static/chunks/framework-51e90279bbf5a0ec.js:25:98895)
    at uS (https://www.builder.io/_next/static/chunks/framework-51e90279bbf5a0ec.js:25:93934)
    at x (https://www.builder.io/_next/static/chunks/framework-51e90279bbf5a0ec.js:49:1364)
    at MessagePort.R (https://www.builder.io/_next/static/chunks/framework-51e90279bbf5a0ec.js:49:1894)
[    1425ms] Error: Minified React error #418; visit https://reactjs.org/docs/error-decoder.html?invariant=418 for the full message or use the non-minified dev environment for full errors and additional helpful warnings.
    at ag (https://www.builder.io/_next/static/chunks/framework-51e90279bbf5a0ec.js:25:46459)
    at i (https://www.builder.io/_next/static/chunks/framework-51e90279bbf5a0ec.js:25:121054)
    at uI (https://www.builder.io/_next/static/chunks/framework-51e90279bbf5a0ec.js:25:99021)
    at https://www.builder.io/_next/static/chunks/framework-51e90279bbf5a0ec.js:25:98888
    at uM (https://www.builder.io/_next/static/chunks/framework-51e90279bbf5a0ec.js:25:98895)
    at uS (https://www.builder.io/_next/static/chunks/framework-51e90279bbf5a0ec.js:25:93934)
    at x (https://www.builder.io/_next/static/chunks/framework-51e90279bbf5a0ec.js:49:1364)
    at MessagePort.R (https://www.builder.io/_next/static/chunks/framework-51e90279bbf5a0ec.js:49:1894)
[    1425ms] Error: Minified React error #418; visit https://reactjs.org/docs/error-decoder.html?invariant=418 for the full message or use the non-minified dev environment for full errors and additional helpful warnings.
    at ag (https://www.builder.io/_next/static/chunks/framework-51e90279bbf5a0ec.js:25:46459)
    at i (https://www.builder.io/_next/static/chunks/framework-51e90279bbf5a0ec.js:25:121054)
    at uI (https://www.builder.io/_next/static/chunks/framework-51e90279bbf5a0ec.js:25:99021)
    at https://www.builder.io/_next/static/chunks/framework-51e90279bbf5a0ec.js:25:98888
    at uM (https://www.builder.io/_next/static/chunks/framework-51e90279bbf5a0ec.js:25:98895)
    at uS (https://www.builder.io/_next/static/chunks/framework-51e90279bbf5a0ec.js:25:93934)
    at x (https://www.builder.io/_next/static/chunks/framework-51e90279bbf5a0ec.js:49:1364)
    at MessagePort.R (https://www.builder.io/_next/static/chunks/framework-51e90279bbf5a0ec.js:49:1894)
[    1425ms] Error: Minified React error #418; visit https://reactjs.org/docs/error-decoder.html?invariant=418 for the full message or use the non-minified dev environment for full errors and additional helpful warnings.
    at ag (https://www.builder.io/_next/static/chunks/framework-51e90279bbf5a0ec.js:25:46459)
    at i (https://www.builder.io/_next/static/chunks/framework-51e90279bbf5a0ec.js:25:121054)
    at uI (https://www.builder.io/_next/static/chunks/framework-51e90279bbf5a0ec.js:25:99021)
    at https://www.builder.io/_next/static/chunks/framework-51e90279bbf5a0ec.js:25:98888
    at uM (https://www.builder.io/_next/static/chunks/framework-51e90279bbf5a0ec.js:25:98895)
    at uS (https://www.builder.io/_next/static/chunks/framework-51e90279bbf5a0ec.js:25:93934)
    at x (https://www.builder.io/_next/static/chunks/framework-51e90279bbf5a0ec.js:49:1364)
    at MessagePort.R (https://www.builder.io/_next/static/chunks/framework-51e90279bbf5a0ec.js:49:1894)
[    1425ms] Error: Minified React error #418; visit https://reactjs.org/docs/error-decoder.html?invariant=418 for the full message or use the non-minified dev environment for full errors and additional helpful warnings.
    at ag (https://www.builder.io/_next/static/chunks/framework-51e90279bbf5a0ec.js:25:46459)
    at i (https://www.builder.io/_next/static/chunks/framework-51e90279bbf5a0ec.js:25:121054)
    at uI (https://www.builder.io/_next/static/chunks/framework-51e90279bbf5a0ec.js:25:99021)
    at https://www.builder.io/_next/static/chunks/framework-51e90279bbf5a0ec.js:25:98888
    at uM (https://www.builder.io/_next/static/chunks/framework-51e90279bbf5a0ec.js:25:98895)
    at uS (https://www.builder.io/_next/static/chunks/framework-51e90279bbf5a0ec.js:25:93934)
    at x (https://www.builder.io/_next/static/chunks/framework-51e90279bbf5a0ec.js:49:1364)
    at MessagePort.R (https://www.builder.io/_next/static/chunks/framework-51e90279bbf5a0ec.js:49:1894)
[    1425ms] Error: Minified React error #418; visit https://reactjs.org/docs/error-decoder.html?invariant=418 for the full message or use the non-minified dev environment for full errors and additional helpful warnings.
    at ag (https://www.builder.io/_next/static/chunks/framework-51e90279bbf5a0ec.js:25:46459)
    at i (https://www.builder.io/_next/static/chunks/framework-51e90279bbf5a0ec.js:25:121054)
    at uI (https://www.builder.io/_next/static/chunks/framework-51e90279bbf5a0ec.js:25:99021)
    at https://www.builder.io/_next/static/chunks/framework-51e90279bbf5a0ec.js:25:98888
    at uM (https://www.builder.io/_next/static/chunks/framework-51e90279bbf5a0ec.js:25:98895)
    at uS (https://www.builder.io/_next/static/chunks/framework-51e90279bbf5a0ec.js:25:93934)
    at x (https://www.builder.io/_next/static/chunks/framework-51e90279bbf5a0ec.js:49:1364)
    at MessagePort.R (https://www.builder.io/_next/static/chunks/framework-51e90279bbf5a0ec.js:49:1894)
[    1425ms] Error: Minified React error #418; visit https://reactjs.org/docs/error-decoder.html?invariant=418 for the full message or use the non-minified dev environment for full errors and additional helpful warnings.
    at ag (https://www.builder.io/_next/static/chunks/framework-51e90279bbf5a0ec.js:25:46459)
    at i (https://www.builder.io/_next/static/chunks/framework-51e90279bbf5a0ec.js:25:121054)
    at uI (https://www.builder.io/_next/static/chunks/framework-51e90279bbf5a0ec.js:25:99021)
    at https://www.builder.io/_next/static/chunks/framework-51e90279bbf5a0ec.js:25:98888
    at uM (https://www.builder.io/_next/static/chunks/framework-51e90279bbf5a0ec.js:25:98895)
    at uS (https://www.builder.io/_next/static/chunks/framework-51e90279bbf5a0ec.js:25:93934)
    at x (https://www.builder.io/_next/static/chunks/framework-51e90279bbf5a0ec.js:49:1364)
    at MessagePort.R (https://www.builder.io/_next/static/chunks/framework-51e90279bbf5a0ec.js:49:1894)
[    1426ms] Error: Minified React error #418; visit https://reactjs.org/docs/error-decoder.html?invariant=418 for the full message or use the non-minified dev environment for full errors and additional helpful warnings.
    at ag (https://www.builder.io/_next/static/chunks/framework-51e90279bbf5a0ec.js:25:46459)
    at i (https://www.builder.io/_next/static/chunks/framework-51e90279bbf5a0ec.js:25:121054)
    at uI (https://www.builder.io/_next/static/chunks/framework-51e90279bbf5a0ec.js:25:99021)
    at https://www.builder.io/_next/static/chunks/framework-51e90279bbf5a0ec.js:25:98888
    at uM (https://www.builder.io/_next/static/chunks/framework-51e90279bbf5a0ec.js:25:98895)
    at uS (https://www.builder.io/_next/static/chunks/framework-51e90279bbf5a0ec.js:25:93934)
    at x (https://www.builder.io/_next/static/chunks/framework-51e90279bbf5a0ec.js:49:1364)
    at MessagePort.R (https://www.builder.io/_next/static/chunks/framework-51e90279bbf5a0ec.js:49:1894)
[    1426ms] Error: Minified React error #418; visit https://reactjs.org/docs/error-decoder.html?invariant=418 for the full message or use the non-minified dev environment for full errors and additional helpful warnings.
    at ag (https://www.builder.io/_next/static/chunks/framework-51e90279bbf5a0ec.js:25:46459)
    at i (https://www.builder.io/_next/static/chunks/framework-51e90279bbf5a0ec.js:25:121054)
    at uI (https://www.builder.io/_next/static/chunks/framework-51e90279bbf5a0ec.js:25:99021)
    at https://www.builder.io/_next/static/chunks/framework-51e90279bbf5a0ec.js:25:98888
    at uM (https://www.builder.io/_next/static/chunks/framework-51e90279bbf5a0ec.js:25:98895)
    at uS (https://www.builder.io/_next/static/chunks/framework-51e90279bbf5a0ec.js:25:93934)
    at x (https://www.builder.io/_next/static/chunks/framework-51e90279bbf5a0ec.js:49:1364)
    at MessagePort.R (https://www.builder.io/_next/static/chunks/framework-51e90279bbf5a0ec.js:49:1894)
[    1426ms] Error: Minified React error #418; visit https://reactjs.org/docs/error-decoder.html?invariant=418 for the full message or use the non-minified dev environment for full errors and additional helpful warnings.
    at ag (https://www.builder.io/_next/static/chunks/framework-51e90279bbf5a0ec.js:25:46459)
    at i (https://www.builder.io/_next/static/chunks/framework-51e90279bbf5a0ec.js:25:121054)
    at uI (https://www.builder.io/_next/static/chunks/framework-51e90279bbf5a0ec.js:25:99021)
    at https://www.builder.io/_next/static/chunks/framework-51e90279bbf5a0ec.js:25:98888
    at uM (https://www.builder.io/_next/static/chunks/framework-51e90279bbf5a0ec.js:25:98895)
    at uS (https://www.builder.io/_next/static/chunks/framework-51e90279bbf5a0ec.js:25:93934)
    at x (https://www.builder.io/_next/static/chunks/framework-51e90279bbf5a0ec.js:49:1364)
    at MessagePort.R (https://www.builder.io/_next/static/chunks/framework-51e90279bbf5a0ec.js:49:1894)
[    1426ms] Error: Minified React error #418; visit https://reactjs.org/docs/error-decoder.html?invariant=418 for the full message or use the non-minified dev environment for full errors and additional helpful warnings.
    at ag (https://www.builder.io/_next/static/chunks/framework-51e90279bbf5a0ec.js:25:46459)
    at i (https://www.builder.io/_next/static/chunks/framework-51e90279bbf5a0ec.js:25:121054)
    at uI (https://www.builder.io/_next/static/chunks/framework-51e90279bbf5a0ec.js:25:99021)
    at https://www.builder.io/_next/static/chunks/framework-51e90279bbf5a0ec.js:25:98888
    at uM (https://www.builder.io/_next/static/chunks/framework-51e90279bbf5a0ec.js:25:98895)
    at uS (https://www.builder.io/_next/static/chunks/framework-51e90279bbf5a0ec.js:25:93934)
    at x (https://www.builder.io/_next/static/chunks/framework-51e90279bbf5a0ec.js:49:1364)
    at MessagePort.R (https://www.builder.io/_next/static/chunks/framework-51e90279bbf5a0ec.js:49:1894)
[    1426ms] Error: Minified React error #418; visit https://reactjs.org/docs/error-decoder.html?invariant=418 for the full message or use the non-minified dev environment for full errors and additional helpful warnings.
    at ag (https://www.builder.io/_next/static/chunks/framework-51e90279bbf5a0ec.js:25:46459)
    at i (https://www.builder.io/_next/static/chunks/framework-51e90279bbf5a0ec.js:25:121054)
    at uI (https://www.builder.io/_next/static/chunks/framework-51e90279bbf5a0ec.js:25:99021)
    at https://www.builder.io/_next/static/chunks/framework-51e90279bbf5a0ec.js:25:98888
    at uM (https://www.builder.io/_next/static/chunks/framework-51e90279bbf5a0ec.js:25:98895)
    at uS (https://www.builder.io/_next/static/chunks/framework-51e90279bbf5a0ec.js:25:93934)
    at x (https://www.builder.io/_next/static/chunks/framework-51e90279bbf5a0ec.js:49:1364)
    at MessagePort.R (https://www.builder.io/_next/static/chunks/framework-51e90279bbf5a0ec.js:49:1894)
[    1426ms] Error: Minified React error #418; visit https://reactjs.org/docs/error-decoder.html?invariant=418 for the full message or use the non-minified dev environment for full errors and additional helpful warnings.
    at ag (https://www.builder.io/_next/static/chunks/framework-51e90279bbf5a0ec.js:25:46459)
    at i (https://www.builder.io/_next/static/chunks/framework-51e90279bbf5a0ec.js:25:121054)
    at uI (https://www.builder.io/_next/static/chunks/framework-51e90279bbf5a0ec.js:25:99021)
    at https://www.builder.io/_next/static/chunks/framework-51e90279bbf5a0ec.js:25:98888
    at uM (https://www.builder.io/_next/static/chunks/framework-51e90279bbf5a0ec.js:25:98895)
    at uS (https://www.builder.io/_next/static/chunks/framework-51e90279bbf5a0ec.js:25:93934)
    at x (https://www.builder.io/_next/static/chunks/framework-51e90279bbf5a0ec.js:49:1364)
    at MessagePort.R (https://www.builder.io/_next/static/chunks/framework-51e90279bbf5a0ec.js:49:1894)
[    1426ms] Error: Minified React error #418; visit https://reactjs.org/docs/error-decoder.html?invariant=418 for the full message or use the non-minified dev environment for full errors and additional helpful warnings.
    at ag (https://www.builder.io/_next/static/chunks/framework-51e90279bbf5a0ec.js:25:46459)
    at i (https://www.builder.io/_next/static/chunks/framework-51e90279bbf5a0ec.js:25:121054)
    at uI (https://www.builder.io/_next/static/chunks/framework-51e90279bbf5a0ec.js:25:99021)
    at https://www.builder.io/_next/static/chunks/framework-51e90279bbf5a0ec.js:25:98888
    at uM (https://www.builder.io/_next/static/chunks/framework-51e90279bbf5a0ec.js:25:98895)
    at uS (https://www.builder.io/_next/static/chunks/framework-51e90279bbf5a0ec.js:25:93934)
    at x (https://www.builder.io/_next/static/chunks/framework-51e90279bbf5a0ec.js:49:1364)
    at MessagePort.R (https://www.builder.io/_next/static/chunks/framework-51e90279bbf5a0ec.js:49:1894)
[    1426ms] Error: Minified React error #418; visit https://reactjs.org/docs/error-decoder.html?invariant=418 for the full message or use the non-minified dev environment for full errors and additional helpful warnings.
    at ag (https://www.builder.io/_next/static/chunks/framework-51e90279bbf5a0ec.js:25:46459)
    at i (https://www.builder.io/_next/static/chunks/framework-51e90279bbf5a0ec.js:25:121054)
    at uI (https://www.builder.io/_next/static/chunks/framework-51e90279bbf5a0ec.js:25:99021)
    at https://www.builder.io/_next/static/chunks/framework-51e90279bbf5a0ec.js:25:98888
    at uM (https://www.builder.io/_next/static/chunks/framework-51e90279bbf5a0ec.js:25:98895)
    at uS (https://www.builder.io/_next/static/chunks/framework-51e90279bbf5a0ec.js:25:93934)
    at x (https://www.builder.io/_next/static/chunks/framework-51e90279bbf5a0ec.js:49:1364)
    at MessagePort.R (https://www.builder.io/_next/static/chunks/framework-51e90279bbf5a0ec.js:49:1894)
[    1426ms] Error: Minified React error #418; visit https://reactjs.org/docs/error-decoder.html?invariant=418 for the full message or use the non-minified dev environment for full errors and additional helpful warnings.
    at ag (https://www.builder.io/_next/static/chunks/framework-51e90279bbf5a0ec.js:25:46459)
    at i (https://www.builder.io/_next/static/chunks/framework-51e90279bbf5a0ec.js:25:121054)
    at uI (https://www.builder.io/_next/static/chunks/framework-51e90279bbf5a0ec.js:25:99021)
    at https://www.builder.io/_next/static/chunks/framework-51e90279bbf5a0ec.js:25:98888
    at uM (https://www.builder.io/_next/static/chunks/framework-51e90279bbf5a0ec.js:25:98895)
    at uS (https://www.builder.io/_next/static/chunks/framework-51e90279bbf5a0ec.js:25:93934)
    at x (https://www.builder.io/_next/static/chunks/framework-51e90279bbf5a0ec.js:49:1364)
    at MessagePort.R (https://www.builder.io/_next/static/chunks/framework-51e90279bbf5a0ec.js:49:1894)
[    1426ms] Error: Minified React error #418; visit https://reactjs.org/docs/error-decoder.html?invariant=418 for the full message or use the non-minified dev environment for full errors and additional helpful warnings.
    at ag (https://www.builder.io/_next/static/chunks/framework-51e90279bbf5a0ec.js:25:46459)
    at i (https://www.builder.io/_next/static/chunks/framework-51e90279bbf5a0ec.js:25:121054)
    at uI (https://www.builder.io/_next/static/chunks/framework-51e90279bbf5a0ec.js:25:99021)
    at https://www.builder.io/_next/static/chunks/framework-51e90279bbf5a0ec.js:25:98888
    at uM (https://www.builder.io/_next/static/chunks/framework-51e90279bbf5a0ec.js:25:98895)
    at uS (https://www.builder.io/_next/static/chunks/framework-51e90279bbf5a0ec.js:25:93934)
    at x (https://www.builder.io/_next/static/chunks/framework-51e90279bbf5a0ec.js:49:1364)
    at MessagePort.R (https://www.builder.io/_next/static/chunks/framework-51e90279bbf5a0ec.js:49:1894)
[    1426ms] Error: Minified React error #418; visit https://reactjs.org/docs/error-decoder.html?invariant=418 for the full message or use the non-minified dev environment for full errors and additional helpful warnings.
    at ag (https://www.builder.io/_next/static/chunks/framework-51e90279bbf5a0ec.js:25:46459)
    at i (https://www.builder.io/_next/static/chunks/framework-51e90279bbf5a0ec.js:25:121054)
    at uI (https://www.builder.io/_next/static/chunks/framework-51e90279bbf5a0ec.js:25:99021)
    at https://www.builder.io/_next/static/chunks/framework-51e90279bbf5a0ec.js:25:98888
    at uM (https://www.builder.io/_next/static/chunks/framework-51e90279bbf5a0ec.js:25:98895)
    at uS (https://www.builder.io/_next/static/chunks/framework-51e90279bbf5a0ec.js:25:93934)
    at x (https://www.builder.io/_next/static/chunks/framework-51e90279bbf5a0ec.js:49:1364)
    at MessagePort.R (https://www.builder.io/_next/static/chunks/framework-51e90279bbf5a0ec.js:49:1894)
[    1427ms] Error: Minified React error #418; visit https://reactjs.org/docs/error-decoder.html?invariant=418 for the full message or use the non-minified dev environment for full errors and additional helpful warnings.
    at ag (https://www.builder.io/_next/static/chunks/framework-51e90279bbf5a0ec.js:25:46459)
    at i (https://www.builder.io/_next/static/chunks/framework-51e90279bbf5a0ec.js:25:121054)
    at uI (https://www.builder.io/_next/static/chunks/framework-51e90279bbf5a0ec.js:25:99021)
    at https://www.builder.io/_next/static/chunks/framework-51e90279bbf5a0ec.js:25:98888
    at uM (https://www.builder.io/_next/static/chunks/framework-51e90279bbf5a0ec.js:25:98895)
    at uS (https://www.builder.io/_next/static/chunks/framework-51e90279bbf5a0ec.js:25:93934)
    at x (https://www.builder.io/_next/static/chunks/framework-51e90279bbf5a0ec.js:49:1364)
    at MessagePort.R (https://www.builder.io/_next/static/chunks/framework-51e90279bbf5a0ec.js:49:1894)
[    1427ms] Error: Minified React error #418; visit https://reactjs.org/docs/error-decoder.html?invariant=418 for the full message or use the non-minified dev environment for full errors and additional helpful warnings.
    at ag (https://www.builder.io/_next/static/chunks/framework-51e90279bbf5a0ec.js:25:46459)
    at i (https://www.builder.io/_next/static/chunks/framework-51e90279bbf5a0ec.js:25:121054)
    at uI (https://www.builder.io/_next/static/chunks/framework-51e90279bbf5a0ec.js:25:99021)
    at https://www.builder.io/_next/static/chunks/framework-51e90279bbf5a0ec.js:25:98888
    at uM (https://www.builder.io/_next/static/chunks/framework-51e90279bbf5a0ec.js:25:98895)
    at uS (https://www.builder.io/_next/static/chunks/framework-51e90279bbf5a0ec.js:25:93934)
    at x (https://www.builder.io/_next/static/chunks/framework-51e90279bbf5a0ec.js:49:1364)
    at MessagePort.R (https://www.builder.io/_next/static/chunks/framework-51e90279bbf5a0ec.js:49:1894)
[    1427ms] Error: Minified React error #418; visit https://reactjs.org/docs/error-decoder.html?invariant=418 for the full message or use the non-minified dev environment for full errors and additional helpful warnings.
    at ag (https://www.builder.io/_next/static/chunks/framework-51e90279bbf5a0ec.js:25:46459)
    at i (https://www.builder.io/_next/static/chunks/framework-51e90279bbf5a0ec.js:25:121054)
    at uI (https://www.builder.io/_next/static/chunks/framework-51e90279bbf5a0ec.js:25:99021)
    at https://www.builder.io/_next/static/chunks/framework-51e90279bbf5a0ec.js:25:98888
    at uM (https://www.builder.io/_next/static/chunks/framework-51e90279bbf5a0ec.js:25:98895)
    at uS (https://www.builder.io/_next/static/chunks/framework-51e90279bbf5a0ec.js:25:93934)
    at x (https://www.builder.io/_next/static/chunks/framework-51e90279bbf5a0ec.js:49:1364)
    at MessagePort.R (https://www.builder.io/_next/static/chunks/framework-51e90279bbf5a0ec.js:49:1894)
[    1427ms] Error: Minified React error #418; visit https://reactjs.org/docs/error-decoder.html?invariant=418 for the full message or use the non-minified dev environment for full errors and additional helpful warnings.
    at ag (https://www.builder.io/_next/static/chunks/framework-51e90279bbf5a0ec.js:25:46459)
    at i (https://www.builder.io/_next/static/chunks/framework-51e90279bbf5a0ec.js:25:121054)
    at uI (https://www.builder.io/_next/static/chunks/framework-51e90279bbf5a0ec.js:25:99021)
    at https://www.builder.io/_next/static/chunks/framework-51e90279bbf5a0ec.js:25:98888
    at uM (https://www.builder.io/_next/static/chunks/framework-51e90279bbf5a0ec.js:25:98895)
    at uS (https://www.builder.io/_next/static/chunks/framework-51e90279bbf5a0ec.js:25:93934)
    at x (https://www.builder.io/_next/static/chunks/framework-51e90279bbf5a0ec.js:49:1364)
    at MessagePort.R (https://www.builder.io/_next/static/chunks/framework-51e90279bbf5a0ec.js:49:1894)
[    1427ms] Error: Minified React error #418; visit https://reactjs.org/docs/error-decoder.html?invariant=418 for the full message or use the non-minified dev environment for full errors and additional helpful warnings.
    at ag (https://www.builder.io/_next/static/chunks/framework-51e90279bbf5a0ec.js:25:46459)
    at i (https://www.builder.io/_next/static/chunks/framework-51e90279bbf5a0ec.js:25:121054)
    at uI (https://www.builder.io/_next/static/chunks/framework-51e90279bbf5a0ec.js:25:99021)
    at https://www.builder.io/_next/static/chunks/framework-51e90279bbf5a0ec.js:25:98888
    at uM (https://www.builder.io/_next/static/chunks/framework-51e90279bbf5a0ec.js:25:98895)
    at uS (https://www.builder.io/_next/static/chunks/framework-51e90279bbf5a0ec.js:25:93934)
    at x (https://www.builder.io/_next/static/chunks/framework-51e90279bbf5a0ec.js:49:1364)
    at MessagePort.R (https://www.builder.io/_next/static/chunks/framework-51e90279bbf5a0ec.js:49:1894)
[    1427ms] Error: Minified React error #418; visit https://reactjs.org/docs/error-decoder.html?invariant=418 for the full message or use the non-minified dev environment for full errors and additional helpful warnings.
    at ag (https://www.builder.io/_next/static/chunks/framework-51e90279bbf5a0ec.js:25:46459)
    at i (https://www.builder.io/_next/static/chunks/framework-51e90279bbf5a0ec.js:25:121054)
    at uI (https://www.builder.io/_next/static/chunks/framework-51e90279bbf5a0ec.js:25:99021)
    at https://www.builder.io/_next/static/chunks/framework-51e90279bbf5a0ec.js:25:98888
    at uM (https://www.builder.io/_next/static/chunks/framework-51e90279bbf5a0ec.js:25:98895)
    at uS (https://www.builder.io/_next/static/chunks/framework-51e90279bbf5a0ec.js:25:93934)
    at x (https://www.builder.io/_next/static/chunks/framework-51e90279bbf5a0ec.js:49:1364)
    at MessagePort.R (https://www.builder.io/_next/static/chunks/framework-51e90279bbf5a0ec.js:49:1894)
[    1427ms] Error: Minified React error #418; visit https://reactjs.org/docs/error-decoder.html?invariant=418 for the full message or use the non-minified dev environment for full errors and additional helpful warnings.
    at ag (https://www.builder.io/_next/static/chunks/framework-51e90279bbf5a0ec.js:25:46459)
    at i (https://www.builder.io/_next/static/chunks/framework-51e90279bbf5a0ec.js:25:121054)
    at uI (https://www.builder.io/_next/static/chunks/framework-51e90279bbf5a0ec.js:25:99021)
    at https://www.builder.io/_next/static/chunks/framework-51e90279bbf5a0ec.js:25:98888
    at uM (https://www.builder.io/_next/static/chunks/framework-51e90279bbf5a0ec.js:25:98895)
    at uS (https://www.builder.io/_next/static/chunks/framework-51e90279bbf5a0ec.js:25:93934)
    at x (https://www.builder.io/_next/static/chunks/framework-51e90279bbf5a0ec.js:49:1364)
    at MessagePort.R (https://www.builder.io/_next/static/chunks/framework-51e90279bbf5a0ec.js:49:1894)
[    1427ms] Error: Minified React error #418; visit https://reactjs.org/docs/error-decoder.html?invariant=418 for the full message or use the non-minified dev environment for full errors and additional helpful warnings.
    at ag (https://www.builder.io/_next/static/chunks/framework-51e90279bbf5a0ec.js:25:46459)
    at i (https://www.builder.io/_next/static/chunks/framework-51e90279bbf5a0ec.js:25:121054)
    at uI (https://www.builder.io/_next/static/chunks/framework-51e90279bbf5a0ec.js:25:99021)
    at https://www.builder.io/_next/static/chunks/framework-51e90279bbf5a0ec.js:25:98888
    at uM (https://www.builder.io/_next/static/chunks/framework-51e90279bbf5a0ec.js:25:98895)
    at uS (https://www.builder.io/_next/static/chunks/framework-51e90279bbf5a0ec.js:25:93934)
    at x (https://www.builder.io/_next/static/chunks/framework-51e90279bbf5a0ec.js:49:1364)
    at MessagePort.R (https://www.builder.io/_next/static/chunks/framework-51e90279bbf5a0ec.js:49:1894)
[    1427ms] Error: Minified React error #418; visit https://reactjs.org/docs/error-decoder.html?invariant=418 for the full message or use the non-minified dev environment for full errors and additional helpful warnings.
    at ag (https://www.builder.io/_next/static/chunks/framework-51e90279bbf5a0ec.js:25:46459)
    at i (https://www.builder.io/_next/static/chunks/framework-51e90279bbf5a0ec.js:25:121054)
    at uI (https://www.builder.io/_next/static/chunks/framework-51e90279bbf5a0ec.js:25:99021)
    at https://www.builder.io/_next/static/chunks/framework-51e90279bbf5a0ec.js:25:98888
    at uM (https://www.builder.io/_next/static/chunks/framework-51e90279bbf5a0ec.js:25:98895)
    at uS (https://www.builder.io/_next/static/chunks/framework-51e90279bbf5a0ec.js:25:93934)
    at x (https://www.builder.io/_next/static/chunks/framework-51e90279bbf5a0ec.js:49:1364)
    at MessagePort.R (https://www.builder.io/_next/static/chunks/framework-51e90279bbf5a0ec.js:49:1894)
[    1427ms] Error: Minified React error #418; visit https://reactjs.org/docs/error-decoder.html?invariant=418 for the full message or use the non-minified dev environment for full errors and additional helpful warnings.
    at ag (https://www.builder.io/_next/static/chunks/framework-51e90279bbf5a0ec.js:25:46459)
    at i (https://www.builder.io/_next/static/chunks/framework-51e90279bbf5a0ec.js:25:121054)
    at uI (https://www.builder.io/_next/static/chunks/framework-51e90279bbf5a0ec.js:25:99021)
    at https://www.builder.io/_next/static/chunks/framework-51e90279bbf5a0ec.js:25:98888
    at uM (https://www.builder.io/_next/static/chunks/framework-51e90279bbf5a0ec.js:25:98895)
    at uS (https://www.builder.io/_next/static/chunks/framework-51e90279bbf5a0ec.js:25:93934)
    at x (https://www.builder.io/_next/static/chunks/framework-51e90279bbf5a0ec.js:49:1364)
    at MessagePort.R (https://www.builder.io/_next/static/chunks/framework-51e90279bbf5a0ec.js:49:1894)
[    1428ms] Error: Minified React error #418; visit https://reactjs.org/docs/error-decoder.html?invariant=418 for the full message or use the non-minified dev environment for full errors and additional helpful warnings.
    at ag (https://www.builder.io/_next/static/chunks/framework-51e90279bbf5a0ec.js:25:46459)
    at i (https://www.builder.io/_next/static/chunks/framework-51e90279bbf5a0ec.js:25:121054)
    at uI (https://www.builder.io/_next/static/chunks/framework-51e90279bbf5a0ec.js:25:99021)
    at https://www.builder.io/_next/static/chunks/framework-51e90279bbf5a0ec.js:25:98888
    at uM (https://www.builder.io/_next/static/chunks/framework-51e90279bbf5a0ec.js:25:98895)
    at uS (https://www.builder.io/_next/static/chunks/framework-51e90279bbf5a0ec.js:25:93934)
    at x (https://www.builder.io/_next/static/chunks/framework-51e90279bbf5a0ec.js:49:1364)
    at MessagePort.R (https://www.builder.io/_next/static/chunks/framework-51e90279bbf5a0ec.js:49:1894)
[    1428ms] Error: Minified React error #418; visit https://reactjs.org/docs/error-decoder.html?invariant=418 for the full message or use the non-minified dev environment for full errors and additional helpful warnings.
    at ag (https://www.builder.io/_next/static/chunks/framework-51e90279bbf5a0ec.js:25:46459)
    at i (https://www.builder.io/_next/static/chunks/framework-51e90279bbf5a0ec.js:25:121054)
    at uI (https://www.builder.io/_next/static/chunks/framework-51e90279bbf5a0ec.js:25:99021)
    at https://www.builder.io/_next/static/chunks/framework-51e90279bbf5a0ec.js:25:98888
    at uM (https://www.builder.io/_next/static/chunks/framework-51e90279bbf5a0ec.js:25:98895)
    at uS (https://www.builder.io/_next/static/chunks/framework-51e90279bbf5a0ec.js:25:93934)
    at x (https://www.builder.io/_next/static/chunks/framework-51e90279bbf5a0ec.js:49:1364)
    at MessagePort.R (https://www.builder.io/_next/static/chunks/framework-51e90279bbf5a0ec.js:49:1894)
[    1428ms] Error: Minified React error #423; visit https://reactjs.org/docs/error-decoder.html?invariant=423 for the full message or use the non-minified dev environment for full errors and additional helpful warnings.
    at i (https://www.builder.io/_next/static/chunks/framework-51e90279bbf5a0ec.js:25:120723)
    at uI (https://www.builder.io/_next/static/chunks/framework-51e90279bbf5a0ec.js:25:99021)
    at https://www.builder.io/_next/static/chunks/framework-51e90279bbf5a0ec.js:25:98888
    at uM (https://www.builder.io/_next/static/chunks/framework-51e90279bbf5a0ec.js:25:98895)
    at ux (https://www.builder.io/_next/static/chunks/framework-51e90279bbf5a0ec.js:25:95647)
    at uS (https://www.builder.io/_next/static/chunks/framework-51e90279bbf5a0ec.js:25:94202)
    at x (https://www.builder.io/_next/static/chunks/framework-51e90279bbf5a0ec.js:49:1364)
    at MessagePort.R (https://www.builder.io/_next/static/chunks/framework-51e90279bbf5a0ec.js:49:1894)
