[    1589ms] Uncaught TypeError: Cannot read properties of null (reading 'length')
    at each (https://tb1.bdstatic.com/??/tb/static-common/js/promise_bff2716.js,/tb/static-common/js/promise_config_91c2822.js,/tb/static-common/lib/uri.js/src/URI.min_412317f.js,/tb/static-common/js/jquery/jquery_d3fcd6c.js,/tb/static-common/js/jquery/jquery-ui-1.10.3.custom_26f79a8.js,/tb/static-common/js/jquery/jquery.ui.droppable_d4ed035.js,/tb/static-common/js/jquery/jquery.lazyload_49a7282.js,/tb/static-common/lib/fis-module/fis_c1e11e0.js,/tb/static-common/js/__aop_af3a579.js,/tb/static-common/js/baiduTemplate_d3643f5.js,/tb/static-common/js/jcarousellite_1.0.1_71ff1f1.js,/tb/static-common/js/page_link_2ec40cf.js,/tb/static-common/js/pageconf_8abbe38.js,/tb/static-common/js/tb_af9e033.js,/tb/static-common/js/tb_extend_000de9f.js,/tb/static-common/js/tb_fis_config_e66b384.js,/tb/static-common/js/tb_stats_be93d78.js,/tb/static-common/js/underscore_b23cfa6.js,/tb/static-common/js/qrcode_fdc9a64.js,/tb/static-common/lib/fis-module/module_b81bdad.js,/tb/static-common/lib/bigpipe.js/lib/bigpipe_c4181f8.js,/tb/static-common/js/bigpipe_config_9c152a9.js,/tb/static-common/js/lcs/lib/Long_8276e76.js,/tb/static-common/js/lcs/lcsas_a69e077.js,/tb/static-common/js/bsk/dknsaZmLdyKfEeIVbKxn_7b5edbc.js,/tb/static-common/js/bsk/omzVouOACqkNljzDbdOB_4efff96.js,/tb/static-common/js/bsk/jkaEbldlZmvawIuwAdqo_670b771.js,/tb/static-common/js/filter_682f491.js:1:22768)
    at formateData (https://tb1.bdstatic.com/??/tb/_/head_main_c294af5.js,/tb/_/tdou_view_pay_46c8c05.js,/tb/_/send_gift_success_42f520e.js,/tb/_/gift_page_ctrl_244e959.js,/tb/_/gift_loading_css_1eb1d70.js,/tb/_/send_gift_dialog_0328457.js,/tb/_/raking_gift_dialog_b2e4ac6.js,/tb/_/gift_batou_goin_71900f5.js:0:40755)
    at renderGiftList (https://tb1.bdstatic.com/??/tb/_/head_main_c294af5.js,/tb/_/tdou_view_pay_46c8c05.js,/tb/_/send_gift_success_42f520e.js,/tb/_/gift_page_ctrl_244e959.js,/tb/_/gift_loading_css_1eb1d70.js,/tb/_/send_gift_dialog_0328457.js,/tb/_/raking_gift_dialog_b2e4ac6.js,/tb/_/gift_batou_goin_71900f5.js:0:40873)
    at <anonymous> (https://tb1.bdstatic.com/??/tb/_/head_main_c294af5.js,/tb/_/tdou_view_pay_46c8c05.js,/tb/_/send_gift_success_42f520e.js,/tb/_/gift_page_ctrl_244e959.js,/tb/_/gift_loading_css_1eb1d70.js,/tb/_/send_gift_dialog_0328457.js,/tb/_/raking_gift_dialog_b2e4ac6.js,/tb/_/gift_batou_goin_71900f5.js:0:40698)
    at d (https://tb1.bdstatic.com/??/tb/static-common/js/promise_bff2716.js,/tb/static-common/js/promise_config_91c2822.js,/tb/static-common/lib/uri.js/src/URI.min_412317f.js,/tb/static-common/js/jquery/jquery_d3fcd6c.js,/tb/static-common/js/jquery/jquery-ui-1.10.3.custom_26f79a8.js,/tb/static-common/js/jquery/jquery.ui.droppable_d4ed035.js,/tb/static-common/js/jquery/jquery.lazyload_49a7282.js,/tb/static-common/lib/fis-module/fis_c1e11e0.js,/tb/static-common/js/__aop_af3a579.js,/tb/static-common/js/baiduTemplate_d3643f5.js,/tb/static-common/js/jcarousellite_1.0.1_71ff1f1.js,/tb/static-common/js/page_link_2ec40cf.js,/tb/static-common/js/pageconf_8abbe38.js,/tb/static-common/js/tb_af9e033.js,/tb/static-common/js/tb_extend_000de9f.js,/tb/static-common/js/tb_fis_config_e66b384.js,/tb/static-common/js/tb_stats_be93d78.js,/tb/static-common/js/underscore_b23cfa6.js,/tb/static-common/js/qrcode_fdc9a64.js,/tb/static-common/lib/fis-module/module_b81bdad.js,/tb/static-common/lib/bigpipe.js/lib/bigpipe_c4181f8.js,/tb/static-common/js/bigpipe_config_9c152a9.js,/tb/static-common/js/lcs/lib/Long_8276e76.js,/tb/static-common/js/lcs/lcsas_a69e077.js,/tb/static-common/js/bsk/dknsaZmLdyKfEeIVbKxn_7b5edbc.js,/tb/static-common/js/bsk/omzVouOACqkNljzDbdOB_4efff96.js,/tb/static-common/js/bsk/jkaEbldlZmvawIuwAdqo_670b771.js,/tb/static-common/js/filter_682f491.js:1:25914)
    at fireWith (https://tb1.bdstatic.com/??/tb/static-common/js/promise_bff2716.js,/tb/static-common/js/promise_config_91c2822.js,/tb/static-common/lib/uri.js/src/URI.min_412317f.js,/tb/static-common/js/jquery/jquery_d3fcd6c.js,/tb/static-common/js/jquery/jquery-ui-1.10.3.custom_26f79a8.js,/tb/static-common/js/jquery/jquery.ui.droppable_d4ed035.js,/tb/static-common/js/jquery/jquery.lazyload_49a7282.js,/tb/static-common/lib/fis-module/fis_c1e11e0.js,/tb/static-common/js/__aop_af3a579.js,/tb/static-common/js/baiduTemplate_d3643f5.js,/tb/static-common/js/jcarousellite_1.0.1_71ff1f1.js,/tb/static-common/js/page_link_2ec40cf.js,/tb/static-common/js/pageconf_8abbe38.js,/tb/static-common/js/tb_af9e033.js,/tb/static-common/js/tb_extend_000de9f.js,/tb/static-common/js/tb_fis_config_e66b384.js,/tb/static-common/js/tb_stats_be93d78.js,/tb/static-common/js/underscore_b23cfa6.js,/tb/static-common/js/qrcode_fdc9a64.js,/tb/static-common/lib/fis-module/module_b81bdad.js,/tb/static-common/lib/bigpipe.js/lib/bigpipe_c4181f8.js,/tb/static-common/js/bigpipe_config_9c152a9.js,/tb/static-common/js/lcs/lib/Long_8276e76.js,/tb/static-common/js/lcs/lcsas_a69e077.js,/tb/static-common/js/bsk/dknsaZmLdyKfEeIVbKxn_7b5edbc.js,/tb/static-common/js/bsk/omzVouOACqkNljzDbdOB_4efff96.js,/tb/static-common/js/bsk/jkaEbldlZmvawIuwAdqo_670b771.js,/tb/static-common/js/filter_682f491.js:1:26673)
    at r (https://tb1.bdstatic.com/??/tb/static-common/js/promise_bff2716.js,/tb/static-common/js/promise_config_91c2822.js,/tb/static-common/lib/uri.js/src/URI.min_412317f.js,/tb/static-common/js/jquery/jquery_d3fcd6c.js,/tb/static-common/js/jquery/jquery-ui-1.10.3.custom_26f79a8.js,/tb/static-common/js/jquery/jquery.ui.droppable_d4ed035.js,/tb/static-common/js/jquery/jquery.lazyload_49a7282.js,/tb/static-common/lib/fis-module/fis_c1e11e0.js,/tb/static-common/js/__aop_af3a579.js,/tb/static-common/js/baiduTemplate_d3643f5.js,/tb/static-common/js/jcarousellite_1.0.1_71ff1f1.js,/tb/static-common/js/page_link_2ec40cf.js,/tb/static-common/js/pageconf_8abbe38.js,/tb/static-common/js/tb_af9e033.js,/tb/static-common/js/tb_extend_000de9f.js,/tb/static-common/js/tb_fis_config_e66b384.js,/tb/static-common/js/tb_stats_be93d78.js,/tb/static-common/js/underscore_b23cfa6.js,/tb/static-common/js/qrcode_fdc9a64.js,/tb/static-common/lib/fis-module/module_b81bdad.js,/tb/static-common/lib/bigpipe.js/lib/bigpipe_c4181f8.js,/tb/static-common/js/bigpipe_config_9c152a9.js,/tb/static-common/js/lcs/lib/Long_8276e76.js,/tb/static-common/js/lcs/lcsas_a69e077.js,/tb/static-common/js/bsk/dknsaZmLdyKfEeIVbKxn_7b5edbc.js,/tb/static-common/js/bsk/omzVouOACqkNljzDbdOB_4efff96.js,/tb/static-common/js/bsk/jkaEbldlZmvawIuwAdqo_670b771.js,/tb/static-common/js/filter_682f491.js:3:12880)
    at r (https://tb1.bdstatic.com/??/tb/static-common/js/promise_bff2716.js,/tb/static-common/js/promise_config_91c2822.js,/tb/static-common/lib/uri.js/src/URI.min_412317f.js,/tb/static-common/js/jquery/jquery_d3fcd6c.js,/tb/static-common/js/jquery/jquery-ui-1.10.3.custom_26f79a8.js,/tb/static-common/js/jquery/jquery.ui.droppable_d4ed035.js,/tb/static-common/js/jquery/jquery.lazyload_49a7282.js,/tb/static-common/lib/fis-module/fis_c1e11e0.js,/tb/static-common/js/__aop_af3a579.js,/tb/static-common/js/baiduTemplate_d3643f5.js,/tb/static-common/js/jcarousellite_1.0.1_71ff1f1.js,/tb/static-common/js/page_link_2ec40cf.js,/tb/static-common/js/pageconf_8abbe38.js,/tb/static-common/js/tb_af9e033.js,/tb/static-common/js/tb_extend_000de9f.js,/tb/static-common/js/tb_fis_config_e66b384.js,/tb/static-common/js/tb_stats_be93d78.js,/tb/static-common/js/underscore_b23cfa6.js,/tb/static-common/js/qrcode_fdc9a64.js,/tb/static-common/lib/fis-module/module_b81bdad.js,/tb/static-common/lib/bigpipe.js/lib/bigpipe_c4181f8.js,/tb/static-common/js/bigpipe_config_9c152a9.js,/tb/static-common/js/lcs/lib/Long_8276e76.js,/tb/static-common/js/lcs/lcsas_a69e077.js,/tb/static-common/js/bsk/dknsaZmLdyKfEeIVbKxn_7b5edbc.js,/tb/static-common/js/bsk/omzVouOACqkNljzDbdOB_4efff96.js,/tb/static-common/js/bsk/jkaEbldlZmvawIuwAdqo_670b771.js,/tb/static-common/js/filter_682f491.js:3:18710)
[    2397ms] Uncaught (in promise) OperationError: Cannot call get() outside of a fenced frame.
    at _0x4cad55.b._0x347ced.<computed> (https://sofire.bdstatic.com/js/dfxaf.js?_=1770286032546:1:17497)
    at x.<computed> (https://sofire.bdstatic.com/js/dfxaf.js?_=1770286032546:2:13276)
    at x (https://sofire.bdstatic.com/js/dfxaf.js?_=1770286032546:2:10020)
    at <anonymous> (https://sofire.bdstatic.com/js/dfxaf.js?_=1770286032546:2:21210)
    at <anonymous> (https://sofire.bdstatic.com/js/dfxaf.js?_=1770286032546:2:24972)
[    2433ms] Uncaught (in promise) OperationError: Cannot call get() outside of a fenced frame.
    at _0x4cad55.b._0x347ced.<computed> (https://sofire.bdstatic.com/js/dfxaf.js?_=1770286032715:1:17497)
    at x.<computed> (https://sofire.bdstatic.com/js/dfxaf.js?_=1770286032715:2:13276)
    at x (https://sofire.bdstatic.com/js/dfxaf.js?_=1770286032715:2:10020)
    at <anonymous> (https://sofire.bdstatic.com/js/dfxaf.js?_=1770286032715:2:21210)
    at <anonymous> (https://sofire.bdstatic.com/js/dfxaf.js?_=1770286032715:2:24972)
[    3437ms] [WARNING] The received message is not type of string @ https://tb1.bdstatic.com/??/tb/_/preview_e43ce97.js,/tb/_/tb_skin_1cfab79.js,/tb/_/frs-footer/frs_from_guide_55b4caa.js,/tb/_/bubble_tip_d34e792.js,/tb/_/tbshare_share_61f1525.js,/tb/_/tbshare_popup_1c599af.js,/tb/_/aside_float_bar_6c0949b.js,/tb/_/frs-footer/aside_float_btns_fe2d4e6.js,/tb/_/verify_manager_phone_cba5a4d.js,/tb/_/inform_manager_verify_phone_f5289a5.js,/tb/_/detect_manager_block_3e52a76.js,/tb/_/bawu_add_section_e27c6f2.js,/tb/_/card_d6007e6.js,/tb/_/icon_tip_0107777.js,/tb/_/umoney_promotion_dialog_0174dae.js,/tb/_/snowflow_15135cd.js,/tb/_/tdou_open_type_a72e1ed.js,/tb/_/global_switch_6dfeb89.js,/tb/_/user_api_10e048c.js,/tb/_/icons_983b4c0.js,/tb/_/base_user_data_6305c5e.js,/tb/_/base_dialog_user_bar_44419c6.js,/tb/_/qianbao_cashier_dialog_8046e64.js,/tb/_/qianbao_purchase_member_fad1d66.js,/tb/_/messenger_e5c0696.js:1
[    3633ms] [ERROR] Failed to load resource: net::ERR_CONNECTION_CLOSED @ https://localhost.weixin.qq.com:14019/wx_game_base/api/business:0
[    3817ms] Uncaught TypeError: Dp[TM(...)] is not a function
    at D6.Dj.<computed> (https://xlab.baidu.com/res/bundle.z.php:0:131445)
    at r (https://dmpstatic.cdn.bcebos.com/weirwood-sdk/1/1.3.7/bundle.min.js:29:21183)
[    3818ms] Uncaught TypeError: Dp[TM(...)] is not a function
    at D6.Dj.<computed> (https://xlab.baidu.com/res/bundle.z.php:0:131445)
    at r (https://dmpstatic.cdn.bcebos.com/weirwood-sdk/1/1.3.7/bundle.min.js:29:21183)
[    3818ms] Uncaught TypeError: Dp[TM(...)] is not a function
    at D6.Dj.<computed> (https://xlab.baidu.com/res/bundle.z.php:0:131445)
    at r (https://dmpstatic.cdn.bcebos.com/weirwood-sdk/1/1.3.7/bundle.min.js:29:21183)
[    6602ms] [ERROR] Failed to load resource: net::ERR_CONNECTION_CLOSED @ https://localhost.weixin.qq.com:14016/wx_game_base/api/business:0
[    6873ms] [ERROR] Error: rate limit exceeded
    at https://game.weixin.qq.com/cgi-bin/minigame/static/pc-gamesdk-alpha/wxgamesdkframe.html:1:11004
    at Generator.next (<anonymous>)
    at https://game.weixin.qq.com/cgi-bin/minigame/static/pc-gamesdk-alpha/wxgamesdkframe.html:1:10192
    at new Promise (<anonymous>)
    at n (https://game.weixin.qq.com/cgi-bin/minigame/static/pc-gamesdk-alpha/wxgamesdkframe.html:1:9940)
    at Object.send (https://game.weixin.qq.com/cgi-bin/minigame/static/pc-gamesdk-alpha/wxgamesdkframe.html:1:10847)
    at https://game.weixin.qq.com/cgi-bin/minigame/static/pc-gamesdk-alpha/wxgamesdkframe.html:1:1002
    at Generator.next (<anonymous>)
    at https://game.weixin.qq.com/cgi-bin/minigame/static/pc-gamesdk-alpha/wxgamesdkframe.html:1:508
    at new Promise (<anonymous>) @ https://game.weixin.qq.com/cgi-bin/minigame/static/pc-gamesdk-alpha/wxgamesdkframe.html:0
[    6874ms] [ERROR] Error: rate limit exceeded
    at https://game.weixin.qq.com/cgi-bin/minigame/static/pc-gamesdk-alpha/wxgamesdkframe.html:1:11004
    at Generator.next (<anonymous>)
    at https://game.weixin.qq.com/cgi-bin/minigame/static/pc-gamesdk-alpha/wxgamesdkframe.html:1:10192
    at new Promise (<anonymous>)
    at n (https://game.weixin.qq.com/cgi-bin/minigame/static/pc-gamesdk-alpha/wxgamesdkframe.html:1:9940)
    at Object.send (https://game.weixin.qq.com/cgi-bin/minigame/static/pc-gamesdk-alpha/wxgamesdkframe.html:1:10847)
    at https://game.weixin.qq.com/cgi-bin/minigame/static/pc-gamesdk-alpha/wxgamesdkframe.html:1:1002
    at Generator.next (<anonymous>)
    at https://game.weixin.qq.com/cgi-bin/minigame/static/pc-gamesdk-alpha/wxgamesdkframe.html:1:508
    at new Promise (<anonymous>) @ https://game.weixin.qq.com/cgi-bin/minigame/static/pc-gamesdk-alpha/wxgamesdkframe.html:0
[    6875ms] [WARNING] The received message is not type of string @ https://tb1.bdstatic.com/??/tb/_/preview_e43ce97.js,/tb/_/tb_skin_1cfab79.js,/tb/_/frs-footer/frs_from_guide_55b4caa.js,/tb/_/bubble_tip_d34e792.js,/tb/_/tbshare_share_61f1525.js,/tb/_/tbshare_popup_1c599af.js,/tb/_/aside_float_bar_6c0949b.js,/tb/_/frs-footer/aside_float_btns_fe2d4e6.js,/tb/_/verify_manager_phone_cba5a4d.js,/tb/_/inform_manager_verify_phone_f5289a5.js,/tb/_/detect_manager_block_3e52a76.js,/tb/_/bawu_add_section_e27c6f2.js,/tb/_/card_d6007e6.js,/tb/_/icon_tip_0107777.js,/tb/_/umoney_promotion_dialog_0174dae.js,/tb/_/snowflow_15135cd.js,/tb/_/tdou_open_type_a72e1ed.js,/tb/_/global_switch_6dfeb89.js,/tb/_/user_api_10e048c.js,/tb/_/icons_983b4c0.js,/tb/_/base_user_data_6305c5e.js,/tb/_/base_dialog_user_bar_44419c6.js,/tb/_/qianbao_cashier_dialog_8046e64.js,/tb/_/qianbao_purchase_member_fad1d66.js,/tb/_/messenger_e5c0696.js:1
[    6875ms] [WARNING] The received message is not type of string @ https://tb1.bdstatic.com/??/tb/_/preview_e43ce97.js,/tb/_/tb_skin_1cfab79.js,/tb/_/frs-footer/frs_from_guide_55b4caa.js,/tb/_/bubble_tip_d34e792.js,/tb/_/tbshare_share_61f1525.js,/tb/_/tbshare_popup_1c599af.js,/tb/_/aside_float_bar_6c0949b.js,/tb/_/frs-footer/aside_float_btns_fe2d4e6.js,/tb/_/verify_manager_phone_cba5a4d.js,/tb/_/inform_manager_verify_phone_f5289a5.js,/tb/_/detect_manager_block_3e52a76.js,/tb/_/bawu_add_section_e27c6f2.js,/tb/_/card_d6007e6.js,/tb/_/icon_tip_0107777.js,/tb/_/umoney_promotion_dialog_0174dae.js,/tb/_/snowflow_15135cd.js,/tb/_/tdou_open_type_a72e1ed.js,/tb/_/global_switch_6dfeb89.js,/tb/_/user_api_10e048c.js,/tb/_/icons_983b4c0.js,/tb/_/base_user_data_6305c5e.js,/tb/_/base_dialog_user_bar_44419c6.js,/tb/_/qianbao_cashier_dialog_8046e64.js,/tb/_/qianbao_purchase_member_fad1d66.js,/tb/_/messenger_e5c0696.js:1
[    6881ms] [ERROR] Failed to load resource: net::ERR_CONNECTION_CLOSED @ https://localhost.weixin.qq.com:14019/wx_game_base/api/business:0
[    6926ms] [ERROR] Error: rate limit exceeded
    at https://game.weixin.qq.com/cgi-bin/minigame/static/pc-gamesdk-alpha/wxgamesdkframe.html:1:11004
    at Generator.next (<anonymous>)
    at https://game.weixin.qq.com/cgi-bin/minigame/static/pc-gamesdk-alpha/wxgamesdkframe.html:1:10192
    at new Promise (<anonymous>)
    at n (https://game.weixin.qq.com/cgi-bin/minigame/static/pc-gamesdk-alpha/wxgamesdkframe.html:1:9940)
    at Object.send (https://game.weixin.qq.com/cgi-bin/minigame/static/pc-gamesdk-alpha/wxgamesdkframe.html:1:10847)
    at https://game.weixin.qq.com/cgi-bin/minigame/static/pc-gamesdk-alpha/wxgamesdkframe.html:1:1002
    at Generator.next (<anonymous>)
    at https://game.weixin.qq.com/cgi-bin/minigame/static/pc-gamesdk-alpha/wxgamesdkframe.html:1:508
    at new Promise (<anonymous>) @ https://game.weixin.qq.com/cgi-bin/minigame/static/pc-gamesdk-alpha/wxgamesdkframe.html:0
[    6926ms] [ERROR] Error: rate limit exceeded
    at https://game.weixin.qq.com/cgi-bin/minigame/static/pc-gamesdk-alpha/wxgamesdkframe.html:1:11004
    at Generator.next (<anonymous>)
    at https://game.weixin.qq.com/cgi-bin/minigame/static/pc-gamesdk-alpha/wxgamesdkframe.html:1:10192
    at new Promise (<anonymous>)
    at n (https://game.weixin.qq.com/cgi-bin/minigame/static/pc-gamesdk-alpha/wxgamesdkframe.html:1:9940)
    at Object.send (https://game.weixin.qq.com/cgi-bin/minigame/static/pc-gamesdk-alpha/wxgamesdkframe.html:1:10847)
    at https://game.weixin.qq.com/cgi-bin/minigame/static/pc-gamesdk-alpha/wxgamesdkframe.html:1:1002
    at Generator.next (<anonymous>)
    at https://game.weixin.qq.com/cgi-bin/minigame/static/pc-gamesdk-alpha/wxgamesdkframe.html:1:508
    at new Promise (<anonymous>) @ https://game.weixin.qq.com/cgi-bin/minigame/static/pc-gamesdk-alpha/wxgamesdkframe.html:0
[    6926ms] [WARNING] The received message is not type of string @ https://tb1.bdstatic.com/??/tb/_/preview_e43ce97.js,/tb/_/tb_skin_1cfab79.js,/tb/_/frs-footer/frs_from_guide_55b4caa.js,/tb/_/bubble_tip_d34e792.js,/tb/_/tbshare_share_61f1525.js,/tb/_/tbshare_popup_1c599af.js,/tb/_/aside_float_bar_6c0949b.js,/tb/_/frs-footer/aside_float_btns_fe2d4e6.js,/tb/_/verify_manager_phone_cba5a4d.js,/tb/_/inform_manager_verify_phone_f5289a5.js,/tb/_/detect_manager_block_3e52a76.js,/tb/_/bawu_add_section_e27c6f2.js,/tb/_/card_d6007e6.js,/tb/_/icon_tip_0107777.js,/tb/_/umoney_promotion_dialog_0174dae.js,/tb/_/snowflow_15135cd.js,/tb/_/tdou_open_type_a72e1ed.js,/tb/_/global_switch_6dfeb89.js,/tb/_/user_api_10e048c.js,/tb/_/icons_983b4c0.js,/tb/_/base_user_data_6305c5e.js,/tb/_/base_dialog_user_bar_44419c6.js,/tb/_/qianbao_cashier_dialog_8046e64.js,/tb/_/qianbao_purchase_member_fad1d66.js,/tb/_/messenger_e5c0696.js:1
[    6928ms] [WARNING] The received message is not type of string @ https://tb1.bdstatic.com/??/tb/_/preview_e43ce97.js,/tb/_/tb_skin_1cfab79.js,/tb/_/frs-footer/frs_from_guide_55b4caa.js,/tb/_/bubble_tip_d34e792.js,/tb/_/tbshare_share_61f1525.js,/tb/_/tbshare_popup_1c599af.js,/tb/_/aside_float_bar_6c0949b.js,/tb/_/frs-footer/aside_float_btns_fe2d4e6.js,/tb/_/verify_manager_phone_cba5a4d.js,/tb/_/inform_manager_verify_phone_f5289a5.js,/tb/_/detect_manager_block_3e52a76.js,/tb/_/bawu_add_section_e27c6f2.js,/tb/_/card_d6007e6.js,/tb/_/icon_tip_0107777.js,/tb/_/umoney_promotion_dialog_0174dae.js,/tb/_/snowflow_15135cd.js,/tb/_/tdou_open_type_a72e1ed.js,/tb/_/global_switch_6dfeb89.js,/tb/_/user_api_10e048c.js,/tb/_/icons_983b4c0.js,/tb/_/base_user_data_6305c5e.js,/tb/_/base_dialog_user_bar_44419c6.js,/tb/_/qianbao_cashier_dialog_8046e64.js,/tb/_/qianbao_purchase_member_fad1d66.js,/tb/_/messenger_e5c0696.js:1
[    6941ms] [ERROR] Error: rate limit exceeded
    at https://game.weixin.qq.com/cgi-bin/minigame/static/pc-gamesdk-alpha/wxgamesdkframe.html:1:11004
    at Generator.next (<anonymous>)
    at https://game.weixin.qq.com/cgi-bin/minigame/static/pc-gamesdk-alpha/wxgamesdkframe.html:1:10192
    at new Promise (<anonymous>)
    at n (https://game.weixin.qq.com/cgi-bin/minigame/static/pc-gamesdk-alpha/wxgamesdkframe.html:1:9940)
    at Object.send (https://game.weixin.qq.com/cgi-bin/minigame/static/pc-gamesdk-alpha/wxgamesdkframe.html:1:10847)
    at https://game.weixin.qq.com/cgi-bin/minigame/static/pc-gamesdk-alpha/wxgamesdkframe.html:1:1002
    at Generator.next (<anonymous>)
    at https://game.weixin.qq.com/cgi-bin/minigame/static/pc-gamesdk-alpha/wxgamesdkframe.html:1:508
    at new Promise (<anonymous>) @ https://game.weixin.qq.com/cgi-bin/minigame/static/pc-gamesdk-alpha/wxgamesdkframe.html:0
[    6941ms] [ERROR] Error: rate limit exceeded
    at https://game.weixin.qq.com/cgi-bin/minigame/static/pc-gamesdk-alpha/wxgamesdkframe.html:1:11004
    at Generator.next (<anonymous>)
    at https://game.weixin.qq.com/cgi-bin/minigame/static/pc-gamesdk-alpha/wxgamesdkframe.html:1:10192
    at new Promise (<anonymous>)
    at n (https://game.weixin.qq.com/cgi-bin/minigame/static/pc-gamesdk-alpha/wxgamesdkframe.html:1:9940)
    at Object.send (https://game.weixin.qq.com/cgi-bin/minigame/static/pc-gamesdk-alpha/wxgamesdkframe.html:1:10847)
    at https://game.weixin.qq.com/cgi-bin/minigame/static/pc-gamesdk-alpha/wxgamesdkframe.html:1:1002
    at Generator.next (<anonymous>)
    at https://game.weixin.qq.com/cgi-bin/minigame/static/pc-gamesdk-alpha/wxgamesdkframe.html:1:508
    at new Promise (<anonymous>) @ https://game.weixin.qq.com/cgi-bin/minigame/static/pc-gamesdk-alpha/wxgamesdkframe.html:0
[    6941ms] [WARNING] The received message is not type of string @ https://tb1.bdstatic.com/??/tb/_/preview_e43ce97.js,/tb/_/tb_skin_1cfab79.js,/tb/_/frs-footer/frs_from_guide_55b4caa.js,/tb/_/bubble_tip_d34e792.js,/tb/_/tbshare_share_61f1525.js,/tb/_/tbshare_popup_1c599af.js,/tb/_/aside_float_bar_6c0949b.js,/tb/_/frs-footer/aside_float_btns_fe2d4e6.js,/tb/_/verify_manager_phone_cba5a4d.js,/tb/_/inform_manager_verify_phone_f5289a5.js,/tb/_/detect_manager_block_3e52a76.js,/tb/_/bawu_add_section_e27c6f2.js,/tb/_/card_d6007e6.js,/tb/_/icon_tip_0107777.js,/tb/_/umoney_promotion_dialog_0174dae.js,/tb/_/snowflow_15135cd.js,/tb/_/tdou_open_type_a72e1ed.js,/tb/_/global_switch_6dfeb89.js,/tb/_/user_api_10e048c.js,/tb/_/icons_983b4c0.js,/tb/_/base_user_data_6305c5e.js,/tb/_/base_dialog_user_bar_44419c6.js,/tb/_/qianbao_cashier_dialog_8046e64.js,/tb/_/qianbao_purchase_member_fad1d66.js,/tb/_/messenger_e5c0696.js:1
[    6942ms] [WARNING] The received message is not type of string @ https://tb1.bdstatic.com/??/tb/_/preview_e43ce97.js,/tb/_/tb_skin_1cfab79.js,/tb/_/frs-footer/frs_from_guide_55b4caa.js,/tb/_/bubble_tip_d34e792.js,/tb/_/tbshare_share_61f1525.js,/tb/_/tbshare_popup_1c599af.js,/tb/_/aside_float_bar_6c0949b.js,/tb/_/frs-footer/aside_float_btns_fe2d4e6.js,/tb/_/verify_manager_phone_cba5a4d.js,/tb/_/inform_manager_verify_phone_f5289a5.js,/tb/_/detect_manager_block_3e52a76.js,/tb/_/bawu_add_section_e27c6f2.js,/tb/_/card_d6007e6.js,/tb/_/icon_tip_0107777.js,/tb/_/umoney_promotion_dialog_0174dae.js,/tb/_/snowflow_15135cd.js,/tb/_/tdou_open_type_a72e1ed.js,/tb/_/global_switch_6dfeb89.js,/tb/_/user_api_10e048c.js,/tb/_/icons_983b4c0.js,/tb/_/base_user_data_6305c5e.js,/tb/_/base_dialog_user_bar_44419c6.js,/tb/_/qianbao_cashier_dialog_8046e64.js,/tb/_/qianbao_purchase_member_fad1d66.js,/tb/_/messenger_e5c0696.js:1
[    6961ms] [ERROR] Error: rate limit exceeded
    at https://game.weixin.qq.com/cgi-bin/minigame/static/pc-gamesdk-alpha/wxgamesdkframe.html:1:11004
    at Generator.next (<anonymous>)
    at https://game.weixin.qq.com/cgi-bin/minigame/static/pc-gamesdk-alpha/wxgamesdkframe.html:1:10192
    at new Promise (<anonymous>)
    at n (https://game.weixin.qq.com/cgi-bin/minigame/static/pc-gamesdk-alpha/wxgamesdkframe.html:1:9940)
    at Object.send (https://game.weixin.qq.com/cgi-bin/minigame/static/pc-gamesdk-alpha/wxgamesdkframe.html:1:10847)
    at https://game.weixin.qq.com/cgi-bin/minigame/static/pc-gamesdk-alpha/wxgamesdkframe.html:1:1002
    at Generator.next (<anonymous>)
    at https://game.weixin.qq.com/cgi-bin/minigame/static/pc-gamesdk-alpha/wxgamesdkframe.html:1:508
    at new Promise (<anonymous>) @ https://game.weixin.qq.com/cgi-bin/minigame/static/pc-gamesdk-alpha/wxgamesdkframe.html:0
[    6963ms] [WARNING] The received message is not type of string @ https://tb1.bdstatic.com/??/tb/_/preview_e43ce97.js,/tb/_/tb_skin_1cfab79.js,/tb/_/frs-footer/frs_from_guide_55b4caa.js,/tb/_/bubble_tip_d34e792.js,/tb/_/tbshare_share_61f1525.js,/tb/_/tbshare_popup_1c599af.js,/tb/_/aside_float_bar_6c0949b.js,/tb/_/frs-footer/aside_float_btns_fe2d4e6.js,/tb/_/verify_manager_phone_cba5a4d.js,/tb/_/inform_manager_verify_phone_f5289a5.js,/tb/_/detect_manager_block_3e52a76.js,/tb/_/bawu_add_section_e27c6f2.js,/tb/_/card_d6007e6.js,/tb/_/icon_tip_0107777.js,/tb/_/umoney_promotion_dialog_0174dae.js,/tb/_/snowflow_15135cd.js,/tb/_/tdou_open_type_a72e1ed.js,/tb/_/global_switch_6dfeb89.js,/tb/_/user_api_10e048c.js,/tb/_/icons_983b4c0.js,/tb/_/base_user_data_6305c5e.js,/tb/_/base_dialog_user_bar_44419c6.js,/tb/_/qianbao_cashier_dialog_8046e64.js,/tb/_/qianbao_purchase_member_fad1d66.js,/tb/_/messenger_e5c0696.js:1
[    7622ms] [ERROR] 播放失败 1 GDTError: 视频不在可视区域内
    at VideoContainer.play (https://qzs.gdtimg.com/union/res/pc/ylh-pc-ad-sdk.v1.29.29.js:43:431923)
    at Object.play (https://qzs.gdtimg.com/union/res/pc/ylh-pc-ad-sdk.v1.29.29.js:43:428970)
    at Object.onReady (https://tb1.bdstatic.com/??/tb/_/block_user_beee318.js,/tb/_/util_top_cookie_b437d61.js,/tb/_/music_player_5f6a3b2.js,/tb/_/util_picture_slide_9a62a0d.js,/tb/_/util_media_init_de70972.js,/tb/_/util_favorite_3dd4905.js,/tb/_/util_picture_rotation_2d0e178.js,/tb/_/util_image_process_72fc2d6.js,/tb/_/util_media_controller_51c5a6c.js,/tb/_/util_https_stat_ce68d9f.js,/tb/_/scroll_event_a9a7916.js,/tb/_/game_code_thread_7141b4c.js,/tb/_/game_thread_90bad35.js,/tb/_/single_icons_9d843f9.js,/tb/_/post_marry_ae86f06.js,/tb/_/interaction_66aaf64.js,/tb/_/member_api_c29c369.js,/tb/_/month_icon_63870d4.js,/tb/_/user_visit_card_4890923.js,/tb/_/util_pop_video_4786ff2.js,/tb/_/audio_player_0e5ab66.js,/tb/_/voice_9f54341.js,/tb/_/thread_list_f335374.js,/tb/_/ylh_ad_e2ffc84.js,/tb/_/tpl_ext_c01a6ba.js:3:104106)
    at Object.onReady (https://qzs.gdtimg.com/union/res/pc/ylh-pc-ad-sdk.v1.29.29.js:43:435082)
    at HTMLVideoElement.loadedmetadata (https://qzs.gdtimg.com/union/res/pc/ylh-pc-ad-sdk.v1.29.29.js:43:429245) @ https://tb1.bdstatic.com/??/tb/_/block_user_beee318.js,/tb/_/util_top_cookie_b437d61.js,/tb/_/music_player_5f6a3b2.js,/tb/_/util_picture_slide_9a62a0d.js,/tb/_/util_media_init_de70972.js,/tb/_/util_favorite_3dd4905.js,/tb/_/util_picture_rotation_2d0e178.js,/tb/_/util_image_process_72fc2d6.js,/tb/_/util_media_controller_51c5a6c.js,/tb/_/util_https_stat_ce68d9f.js,/tb/_/scroll_event_a9a7916.js,/tb/_/game_code_thread_7141b4c.js,/tb/_/game_thread_90bad35.js,/tb/_/single_icons_9d843f9.js,/tb/_/post_marry_ae86f06.js,/tb/_/interaction_66aaf64.js,/tb/_/member_api_c29c369.js,/tb/_/month_icon_63870d4.js,/tb/_/user_visit_card_4890923.js,/tb/_/util_pop_video_4786ff2.js,/tb/_/audio_player_0e5ab66.js,/tb/_/voice_9f54341.js,/tb/_/thread_list_f335374.js,/tb/_/ylh_ad_e2ffc84.js,/tb/_/tpl_ext_c01a6ba.js:2
[    7647ms] [ERROR] 播放失败 6 GDTError: 视频不在可视区域内
    at VideoContainer.play (https://qzs.gdtimg.com/union/res/pc/ylh-pc-ad-sdk.v1.29.29.js:43:431923)
    at Object.play (https://qzs.gdtimg.com/union/res/pc/ylh-pc-ad-sdk.v1.29.29.js:43:428970)
    at Object.onReady (https://tb1.bdstatic.com/??/tb/_/block_user_beee318.js,/tb/_/util_top_cookie_b437d61.js,/tb/_/music_player_5f6a3b2.js,/tb/_/util_picture_slide_9a62a0d.js,/tb/_/util_media_init_de70972.js,/tb/_/util_favorite_3dd4905.js,/tb/_/util_picture_rotation_2d0e178.js,/tb/_/util_image_process_72fc2d6.js,/tb/_/util_media_controller_51c5a6c.js,/tb/_/util_https_stat_ce68d9f.js,/tb/_/scroll_event_a9a7916.js,/tb/_/game_code_thread_7141b4c.js,/tb/_/game_thread_90bad35.js,/tb/_/single_icons_9d843f9.js,/tb/_/post_marry_ae86f06.js,/tb/_/interaction_66aaf64.js,/tb/_/member_api_c29c369.js,/tb/_/month_icon_63870d4.js,/tb/_/user_visit_card_4890923.js,/tb/_/util_pop_video_4786ff2.js,/tb/_/audio_player_0e5ab66.js,/tb/_/voice_9f54341.js,/tb/_/thread_list_f335374.js,/tb/_/ylh_ad_e2ffc84.js,/tb/_/tpl_ext_c01a6ba.js:3:104106)
    at Object.onReady (https://qzs.gdtimg.com/union/res/pc/ylh-pc-ad-sdk.v1.29.29.js:43:435082)
    at HTMLVideoElement.loadedmetadata (https://qzs.gdtimg.com/union/res/pc/ylh-pc-ad-sdk.v1.29.29.js:43:429245) @ https://tb1.bdstatic.com/??/tb/_/block_user_beee318.js,/tb/_/util_top_cookie_b437d61.js,/tb/_/music_player_5f6a3b2.js,/tb/_/util_picture_slide_9a62a0d.js,/tb/_/util_media_init_de70972.js,/tb/_/util_favorite_3dd4905.js,/tb/_/util_picture_rotation_2d0e178.js,/tb/_/util_image_process_72fc2d6.js,/tb/_/util_media_controller_51c5a6c.js,/tb/_/util_https_stat_ce68d9f.js,/tb/_/scroll_event_a9a7916.js,/tb/_/game_code_thread_7141b4c.js,/tb/_/game_thread_90bad35.js,/tb/_/single_icons_9d843f9.js,/tb/_/post_marry_ae86f06.js,/tb/_/interaction_66aaf64.js,/tb/_/member_api_c29c369.js,/tb/_/month_icon_63870d4.js,/tb/_/user_visit_card_4890923.js,/tb/_/util_pop_video_4786ff2.js,/tb/_/audio_player_0e5ab66.js,/tb/_/voice_9f54341.js,/tb/_/thread_list_f335374.js,/tb/_/ylh_ad_e2ffc84.js,/tb/_/tpl_ext_c01a6ba.js:2
[    7715ms] [ERROR] 播放失败 2 GDTError: 视频不在可视区域内
    at VideoContainer.play (https://qzs.gdtimg.com/union/res/pc/ylh-pc-ad-sdk.v1.29.29.js:43:431923)
    at Object.play (https://qzs.gdtimg.com/union/res/pc/ylh-pc-ad-sdk.v1.29.29.js:43:428970)
    at Object.onReady (https://tb1.bdstatic.com/??/tb/_/block_user_beee318.js,/tb/_/util_top_cookie_b437d61.js,/tb/_/music_player_5f6a3b2.js,/tb/_/util_picture_slide_9a62a0d.js,/tb/_/util_media_init_de70972.js,/tb/_/util_favorite_3dd4905.js,/tb/_/util_picture_rotation_2d0e178.js,/tb/_/util_image_process_72fc2d6.js,/tb/_/util_media_controller_51c5a6c.js,/tb/_/util_https_stat_ce68d9f.js,/tb/_/scroll_event_a9a7916.js,/tb/_/game_code_thread_7141b4c.js,/tb/_/game_thread_90bad35.js,/tb/_/single_icons_9d843f9.js,/tb/_/post_marry_ae86f06.js,/tb/_/interaction_66aaf64.js,/tb/_/member_api_c29c369.js,/tb/_/month_icon_63870d4.js,/tb/_/user_visit_card_4890923.js,/tb/_/util_pop_video_4786ff2.js,/tb/_/audio_player_0e5ab66.js,/tb/_/voice_9f54341.js,/tb/_/thread_list_f335374.js,/tb/_/ylh_ad_e2ffc84.js,/tb/_/tpl_ext_c01a6ba.js:3:104106)
    at Object.onReady (https://qzs.gdtimg.com/union/res/pc/ylh-pc-ad-sdk.v1.29.29.js:43:435082)
    at HTMLVideoElement.loadedmetadata (https://qzs.gdtimg.com/union/res/pc/ylh-pc-ad-sdk.v1.29.29.js:43:429245) @ https://tb1.bdstatic.com/??/tb/_/block_user_beee318.js,/tb/_/util_top_cookie_b437d61.js,/tb/_/music_player_5f6a3b2.js,/tb/_/util_picture_slide_9a62a0d.js,/tb/_/util_media_init_de70972.js,/tb/_/util_favorite_3dd4905.js,/tb/_/util_picture_rotation_2d0e178.js,/tb/_/util_image_process_72fc2d6.js,/tb/_/util_media_controller_51c5a6c.js,/tb/_/util_https_stat_ce68d9f.js,/tb/_/scroll_event_a9a7916.js,/tb/_/game_code_thread_7141b4c.js,/tb/_/game_thread_90bad35.js,/tb/_/single_icons_9d843f9.js,/tb/_/post_marry_ae86f06.js,/tb/_/interaction_66aaf64.js,/tb/_/member_api_c29c369.js,/tb/_/month_icon_63870d4.js,/tb/_/user_visit_card_4890923.js,/tb/_/util_pop_video_4786ff2.js,/tb/_/audio_player_0e5ab66.js,/tb/_/voice_9f54341.js,/tb/_/thread_list_f335374.js,/tb/_/ylh_ad_e2ffc84.js,/tb/_/tpl_ext_c01a6ba.js:2
[    7744ms] [ERROR] 播放失败 4 GDTError: 视频不在可视区域内
    at VideoContainer.play (https://qzs.gdtimg.com/union/res/pc/ylh-pc-ad-sdk.v1.29.29.js:43:431923)
    at Object.play (https://qzs.gdtimg.com/union/res/pc/ylh-pc-ad-sdk.v1.29.29.js:43:428970)
    at Object.onReady (https://tb1.bdstatic.com/??/tb/_/block_user_beee318.js,/tb/_/util_top_cookie_b437d61.js,/tb/_/music_player_5f6a3b2.js,/tb/_/util_picture_slide_9a62a0d.js,/tb/_/util_media_init_de70972.js,/tb/_/util_favorite_3dd4905.js,/tb/_/util_picture_rotation_2d0e178.js,/tb/_/util_image_process_72fc2d6.js,/tb/_/util_media_controller_51c5a6c.js,/tb/_/util_https_stat_ce68d9f.js,/tb/_/scroll_event_a9a7916.js,/tb/_/game_code_thread_7141b4c.js,/tb/_/game_thread_90bad35.js,/tb/_/single_icons_9d843f9.js,/tb/_/post_marry_ae86f06.js,/tb/_/interaction_66aaf64.js,/tb/_/member_api_c29c369.js,/tb/_/month_icon_63870d4.js,/tb/_/user_visit_card_4890923.js,/tb/_/util_pop_video_4786ff2.js,/tb/_/audio_player_0e5ab66.js,/tb/_/voice_9f54341.js,/tb/_/thread_list_f335374.js,/tb/_/ylh_ad_e2ffc84.js,/tb/_/tpl_ext_c01a6ba.js:3:104106)
    at Object.onReady (https://qzs.gdtimg.com/union/res/pc/ylh-pc-ad-sdk.v1.29.29.js:43:435082)
    at HTMLVideoElement.loadedmetadata (https://qzs.gdtimg.com/union/res/pc/ylh-pc-ad-sdk.v1.29.29.js:43:429245) @ https://tb1.bdstatic.com/??/tb/_/block_user_beee318.js,/tb/_/util_top_cookie_b437d61.js,/tb/_/music_player_5f6a3b2.js,/tb/_/util_picture_slide_9a62a0d.js,/tb/_/util_media_init_de70972.js,/tb/_/util_favorite_3dd4905.js,/tb/_/util_picture_rotation_2d0e178.js,/tb/_/util_image_process_72fc2d6.js,/tb/_/util_media_controller_51c5a6c.js,/tb/_/util_https_stat_ce68d9f.js,/tb/_/scroll_event_a9a7916.js,/tb/_/game_code_thread_7141b4c.js,/tb/_/game_thread_90bad35.js,/tb/_/single_icons_9d843f9.js,/tb/_/post_marry_ae86f06.js,/tb/_/interaction_66aaf64.js,/tb/_/member_api_c29c369.js,/tb/_/month_icon_63870d4.js,/tb/_/user_visit_card_4890923.js,/tb/_/util_pop_video_4786ff2.js,/tb/_/audio_player_0e5ab66.js,/tb/_/voice_9f54341.js,/tb/_/thread_list_f335374.js,/tb/_/ylh_ad_e2ffc84.js,/tb/_/tpl_ext_c01a6ba.js:2
[    7851ms] [ERROR] 播放失败 5 GDTError: 视频不在可视区域内
    at VideoContainer.play (https://qzs.gdtimg.com/union/res/pc/ylh-pc-ad-sdk.v1.29.29.js:43:431923)
    at Object.play (https://qzs.gdtimg.com/union/res/pc/ylh-pc-ad-sdk.v1.29.29.js:43:428970)
    at Object.onReady (https://tb1.bdstatic.com/??/tb/_/block_user_beee318.js,/tb/_/util_top_cookie_b437d61.js,/tb/_/music_player_5f6a3b2.js,/tb/_/util_picture_slide_9a62a0d.js,/tb/_/util_media_init_de70972.js,/tb/_/util_favorite_3dd4905.js,/tb/_/util_picture_rotation_2d0e178.js,/tb/_/util_image_process_72fc2d6.js,/tb/_/util_media_controller_51c5a6c.js,/tb/_/util_https_stat_ce68d9f.js,/tb/_/scroll_event_a9a7916.js,/tb/_/game_code_thread_7141b4c.js,/tb/_/game_thread_90bad35.js,/tb/_/single_icons_9d843f9.js,/tb/_/post_marry_ae86f06.js,/tb/_/interaction_66aaf64.js,/tb/_/member_api_c29c369.js,/tb/_/month_icon_63870d4.js,/tb/_/user_visit_card_4890923.js,/tb/_/util_pop_video_4786ff2.js,/tb/_/audio_player_0e5ab66.js,/tb/_/voice_9f54341.js,/tb/_/thread_list_f335374.js,/tb/_/ylh_ad_e2ffc84.js,/tb/_/tpl_ext_c01a6ba.js:3:104106)
    at Object.onReady (https://qzs.gdtimg.com/union/res/pc/ylh-pc-ad-sdk.v1.29.29.js:43:435082)
    at HTMLVideoElement.loadedmetadata (https://qzs.gdtimg.com/union/res/pc/ylh-pc-ad-sdk.v1.29.29.js:43:429245) @ https://tb1.bdstatic.com/??/tb/_/block_user_beee318.js,/tb/_/util_top_cookie_b437d61.js,/tb/_/music_player_5f6a3b2.js,/tb/_/util_picture_slide_9a62a0d.js,/tb/_/util_media_init_de70972.js,/tb/_/util_favorite_3dd4905.js,/tb/_/util_picture_rotation_2d0e178.js,/tb/_/util_image_process_72fc2d6.js,/tb/_/util_media_controller_51c5a6c.js,/tb/_/util_https_stat_ce68d9f.js,/tb/_/scroll_event_a9a7916.js,/tb/_/game_code_thread_7141b4c.js,/tb/_/game_thread_90bad35.js,/tb/_/single_icons_9d843f9.js,/tb/_/post_marry_ae86f06.js,/tb/_/interaction_66aaf64.js,/tb/_/member_api_c29c369.js,/tb/_/month_icon_63870d4.js,/tb/_/user_visit_card_4890923.js,/tb/_/util_pop_video_4786ff2.js,/tb/_/audio_player_0e5ab66.js,/tb/_/voice_9f54341.js,/tb/_/thread_list_f335374.js,/tb/_/ylh_ad_e2ffc84.js,/tb/_/tpl_ext_c01a6ba.js:2
[    7862ms] [ERROR] 播放失败 3 GDTError: 视频不在可视区域内
    at VideoContainer.play (https://qzs.gdtimg.com/union/res/pc/ylh-pc-ad-sdk.v1.29.29.js:43:431923)
    at Object.play (https://qzs.gdtimg.com/union/res/pc/ylh-pc-ad-sdk.v1.29.29.js:43:428970)
    at Object.onReady (https://tb1.bdstatic.com/??/tb/_/block_user_beee318.js,/tb/_/util_top_cookie_b437d61.js,/tb/_/music_player_5f6a3b2.js,/tb/_/util_picture_slide_9a62a0d.js,/tb/_/util_media_init_de70972.js,/tb/_/util_favorite_3dd4905.js,/tb/_/util_picture_rotation_2d0e178.js,/tb/_/util_image_process_72fc2d6.js,/tb/_/util_media_controller_51c5a6c.js,/tb/_/util_https_stat_ce68d9f.js,/tb/_/scroll_event_a9a7916.js,/tb/_/game_code_thread_7141b4c.js,/tb/_/game_thread_90bad35.js,/tb/_/single_icons_9d843f9.js,/tb/_/post_marry_ae86f06.js,/tb/_/interaction_66aaf64.js,/tb/_/member_api_c29c369.js,/tb/_/month_icon_63870d4.js,/tb/_/user_visit_card_4890923.js,/tb/_/util_pop_video_4786ff2.js,/tb/_/audio_player_0e5ab66.js,/tb/_/voice_9f54341.js,/tb/_/thread_list_f335374.js,/tb/_/ylh_ad_e2ffc84.js,/tb/_/tpl_ext_c01a6ba.js:3:104106)
    at Object.onReady (https://qzs.gdtimg.com/union/res/pc/ylh-pc-ad-sdk.v1.29.29.js:43:435082)
    at HTMLVideoElement.loadedmetadata (https://qzs.gdtimg.com/union/res/pc/ylh-pc-ad-sdk.v1.29.29.js:43:429245) @ https://tb1.bdstatic.com/??/tb/_/block_user_beee318.js,/tb/_/util_top_cookie_b437d61.js,/tb/_/music_player_5f6a3b2.js,/tb/_/util_picture_slide_9a62a0d.js,/tb/_/util_media_init_de70972.js,/tb/_/util_favorite_3dd4905.js,/tb/_/util_picture_rotation_2d0e178.js,/tb/_/util_image_process_72fc2d6.js,/tb/_/util_media_controller_51c5a6c.js,/tb/_/util_https_stat_ce68d9f.js,/tb/_/scroll_event_a9a7916.js,/tb/_/game_code_thread_7141b4c.js,/tb/_/game_thread_90bad35.js,/tb/_/single_icons_9d843f9.js,/tb/_/post_marry_ae86f06.js,/tb/_/interaction_66aaf64.js,/tb/_/member_api_c29c369.js,/tb/_/month_icon_63870d4.js,/tb/_/user_visit_card_4890923.js,/tb/_/util_pop_video_4786ff2.js,/tb/_/audio_player_0e5ab66.js,/tb/_/voice_9f54341.js,/tb/_/thread_list_f335374.js,/tb/_/ylh_ad_e2ffc84.js,/tb/_/tpl_ext_c01a6ba.js:2
[    8052ms] [ERROR] 播放失败 7 GDTError: 视频不在可视区域内
    at VideoContainer.play (https://qzs.gdtimg.com/union/res/pc/ylh-pc-ad-sdk.v1.29.29.js:43:431923)
    at Object.play (https://qzs.gdtimg.com/union/res/pc/ylh-pc-ad-sdk.v1.29.29.js:43:428970)
    at Object.onReady (https://tb1.bdstatic.com/??/tb/_/block_user_beee318.js,/tb/_/util_top_cookie_b437d61.js,/tb/_/music_player_5f6a3b2.js,/tb/_/util_picture_slide_9a62a0d.js,/tb/_/util_media_init_de70972.js,/tb/_/util_favorite_3dd4905.js,/tb/_/util_picture_rotation_2d0e178.js,/tb/_/util_image_process_72fc2d6.js,/tb/_/util_media_controller_51c5a6c.js,/tb/_/util_https_stat_ce68d9f.js,/tb/_/scroll_event_a9a7916.js,/tb/_/game_code_thread_7141b4c.js,/tb/_/game_thread_90bad35.js,/tb/_/single_icons_9d843f9.js,/tb/_/post_marry_ae86f06.js,/tb/_/interaction_66aaf64.js,/tb/_/member_api_c29c369.js,/tb/_/month_icon_63870d4.js,/tb/_/user_visit_card_4890923.js,/tb/_/util_pop_video_4786ff2.js,/tb/_/audio_player_0e5ab66.js,/tb/_/voice_9f54341.js,/tb/_/thread_list_f335374.js,/tb/_/ylh_ad_e2ffc84.js,/tb/_/tpl_ext_c01a6ba.js:3:104106)
    at Object.onReady (https://qzs.gdtimg.com/union/res/pc/ylh-pc-ad-sdk.v1.29.29.js:43:435082)
    at HTMLVideoElement.loadedmetadata (https://qzs.gdtimg.com/union/res/pc/ylh-pc-ad-sdk.v1.29.29.js:43:429245) @ https://tb1.bdstatic.com/??/tb/_/block_user_beee318.js,/tb/_/util_top_cookie_b437d61.js,/tb/_/music_player_5f6a3b2.js,/tb/_/util_picture_slide_9a62a0d.js,/tb/_/util_media_init_de70972.js,/tb/_/util_favorite_3dd4905.js,/tb/_/util_picture_rotation_2d0e178.js,/tb/_/util_image_process_72fc2d6.js,/tb/_/util_media_controller_51c5a6c.js,/tb/_/util_https_stat_ce68d9f.js,/tb/_/scroll_event_a9a7916.js,/tb/_/game_code_thread_7141b4c.js,/tb/_/game_thread_90bad35.js,/tb/_/single_icons_9d843f9.js,/tb/_/post_marry_ae86f06.js,/tb/_/interaction_66aaf64.js,/tb/_/member_api_c29c369.js,/tb/_/month_icon_63870d4.js,/tb/_/user_visit_card_4890923.js,/tb/_/util_pop_video_4786ff2.js,/tb/_/audio_player_0e5ab66.js,/tb/_/voice_9f54341.js,/tb/_/thread_list_f335374.js,/tb/_/ylh_ad_e2ffc84.js,/tb/_/tpl_ext_c01a6ba.js:2
[    9886ms] [ERROR] Failed to load resource: net::ERR_CONNECTION_CLOSED @ https://localhost.weixin.qq.com:14016/wx_game_base/api/business:0
[   11502ms] [ERROR] Failed to load resource: net::ERR_CONNECTION_CLOSED @ https://localhost.weixin.qq.com:13016/wx_game_base/api/business:0
[   11607ms] [ERROR] Error: timeout
    at https://game.weixin.qq.com/cgi-bin/minigame/static/pc-gamesdk-alpha/wxgamesdkframe.html:1:9167
    at Generator.throw (<anonymous>)
    at a (https://game.weixin.qq.com/cgi-bin/minigame/static/pc-gamesdk-alpha/wxgamesdkframe.html:1:7941) @ https://game.weixin.qq.com/cgi-bin/minigame/static/pc-gamesdk-alpha/wxgamesdkframe.html:0
[   11608ms] [WARNING] The received message is not type of string @ https://tb1.bdstatic.com/??/tb/_/preview_e43ce97.js,/tb/_/tb_skin_1cfab79.js,/tb/_/frs-footer/frs_from_guide_55b4caa.js,/tb/_/bubble_tip_d34e792.js,/tb/_/tbshare_share_61f1525.js,/tb/_/tbshare_popup_1c599af.js,/tb/_/aside_float_bar_6c0949b.js,/tb/_/frs-footer/aside_float_btns_fe2d4e6.js,/tb/_/verify_manager_phone_cba5a4d.js,/tb/_/inform_manager_verify_phone_f5289a5.js,/tb/_/detect_manager_block_3e52a76.js,/tb/_/bawu_add_section_e27c6f2.js,/tb/_/card_d6007e6.js,/tb/_/icon_tip_0107777.js,/tb/_/umoney_promotion_dialog_0174dae.js,/tb/_/snowflow_15135cd.js,/tb/_/tdou_open_type_a72e1ed.js,/tb/_/global_switch_6dfeb89.js,/tb/_/user_api_10e048c.js,/tb/_/icons_983b4c0.js,/tb/_/base_user_data_6305c5e.js,/tb/_/base_dialog_user_bar_44419c6.js,/tb/_/qianbao_cashier_dialog_8046e64.js,/tb/_/qianbao_purchase_member_fad1d66.js,/tb/_/messenger_e5c0696.js:1
[   14896ms] [ERROR] Error: timeout
    at https://game.weixin.qq.com/cgi-bin/minigame/static/pc-gamesdk-alpha/wxgamesdkframe.html:1:9167
    at Generator.throw (<anonymous>)
    at a (https://game.weixin.qq.com/cgi-bin/minigame/static/pc-gamesdk-alpha/wxgamesdkframe.html:1:7941) @ https://game.weixin.qq.com/cgi-bin/minigame/static/pc-gamesdk-alpha/wxgamesdkframe.html:0
[   14896ms] [WARNING] The received message is not type of string @ https://tb1.bdstatic.com/??/tb/_/preview_e43ce97.js,/tb/_/tb_skin_1cfab79.js,/tb/_/frs-footer/frs_from_guide_55b4caa.js,/tb/_/bubble_tip_d34e792.js,/tb/_/tbshare_share_61f1525.js,/tb/_/tbshare_popup_1c599af.js,/tb/_/aside_float_bar_6c0949b.js,/tb/_/frs-footer/aside_float_btns_fe2d4e6.js,/tb/_/verify_manager_phone_cba5a4d.js,/tb/_/inform_manager_verify_phone_f5289a5.js,/tb/_/detect_manager_block_3e52a76.js,/tb/_/bawu_add_section_e27c6f2.js,/tb/_/card_d6007e6.js,/tb/_/icon_tip_0107777.js,/tb/_/umoney_promotion_dialog_0174dae.js,/tb/_/snowflow_15135cd.js,/tb/_/tdou_open_type_a72e1ed.js,/tb/_/global_switch_6dfeb89.js,/tb/_/user_api_10e048c.js,/tb/_/icons_983b4c0.js,/tb/_/base_user_data_6305c5e.js,/tb/_/base_dialog_user_bar_44419c6.js,/tb/_/qianbao_cashier_dialog_8046e64.js,/tb/_/qianbao_purchase_member_fad1d66.js,/tb/_/messenger_e5c0696.js:1
